database_manager.py get_added_list() INFO: Retrieved 2 added profiles 10.02.24 19:02:48
app.bot.x_controller.py is_account_locked_page_open() INFO: Account locked page detected 10.02.24 19:02:49
app.bot.x_controller.py __init__() WARNING: Detected that the X account is locked. 10.02.24 19:02:49
MainApp.py __init__() INFO: Initializing MainWindow 10.02.24 19:02:49
MainApp.py update_delete_button_state() INFO: Bot is not running, enabling delete button 10.02.24 19:02:49
MainApp.py load_following_profiles() INFO: Loaded following profiles into the GUI 10.02.24 19:02:49
MainApp.py load_added_profiles() INFO: Loaded added profiles into the GUI 10.02.24 19:02:49
MainApp.py __init__() INFO: MainWindow initialization complete 10.02.24 19:02:49
MainApp.py check_account_locked() INFO: Checking if the account is locked 10.02.24 19:02:49
app.bot.x_controller.py is_account_locked_page_open() INFO: Account locked page detected 10.02.24 19:02:56
MainApp.py check_account_locked() WARNING: Account is locked. 10.02.24 19:02:56
app.bot.x_controller.py is_account_locked_page_open() INFO: Account locked page detected 10.02.24 19:03:02
MainApp.py check_account_locked() WARNING: Account is locked. 10.02.24 19:03:02
app.bot.x_controller.py is_account_locked_page_open() WARNING: Account locked page not detected or elements not found 10.02.24 19:04:15
app.bot.x_bot.py is_credentials_valid() INFO: Checking if credentials are valid 10.02.24 19:04:15
app.bot.x_bot.py is_credentials_valid() INFO: Credentials are valid 10.02.24 19:04:15
MainApp.py are_settings_valid() WARNING: Invalid or empty 'Follow at once' value 10.02.24 19:04:15
app.bot.x_controller.py is_account_locked_page_open() WARNING: Account locked page not detected or elements not found 10.02.24 19:05:06
app.bot.x_bot.py is_credentials_valid() INFO: Checking if credentials are valid 10.02.24 19:05:06
app.bot.x_bot.py is_credentials_valid() INFO: Credentials are valid 10.02.24 19:05:06
app.bot.auto_follow.py calculate_rest_time() DEBUG: Assumed process duration per batch: 12 seconds. 10.02.24 19:05:06
app.bot.auto_follow.py calculate_rest_time() DEBUG: Raw rest_time (without process duration): 644.7761194029852 seconds. 10.02.24 19:05:06
app.bot.auto_follow.py calculate_rest_time() DEBUG: Adjusted rest_time (accounting for process duration): 632.7761194029852 seconds. 10.02.24 19:05:06
app.bot.auto_follow.py calculate_rest_time() DEBUG: Final calculated rest_time: 632.7761194029852 seconds between each batch. 10.02.24 19:05:06
MainApp.py start_auto_follow() INFO: Starting Auto Follow process 10.02.24 19:05:06
app.bot.auto_follow.py create_new_window() INFO: Opened and switched to a new window. 10.02.24 19:05:06
app.bot.x_controller.py sign_in() INFO: Opened X login page 10.02.24 19:05:08
app.bot.x_controller.py sign_in() INFO: X login page redirected to home timeline 10.02.24 19:05:08
app.bot.x_controller.py sign_in() INFO: fakerfaker680 is already logged in to X 10.02.24 19:05:08
app.bot.auto_follow.py calculate_rest_time() DEBUG: Assumed process duration per batch: 12 seconds. 10.02.24 19:05:10
app.bot.auto_follow.py calculate_rest_time() DEBUG: Raw rest_time (without process duration): 644.7761194029852 seconds. 10.02.24 19:05:10
app.bot.auto_follow.py calculate_rest_time() DEBUG: Adjusted rest_time (accounting for process duration): 632.7761194029852 seconds. 10.02.24 19:05:10
app.bot.auto_follow.py calculate_rest_time() DEBUG: Final calculated rest_time: 632.7761194029852 seconds between each batch. 10.02.24 19:05:10
app.bot.auto_follow.py schedule_auto_follow_process() INFO: Starting new time span at 2024-10-02 19:05:10.726700 10.02.24 19:05:10
app.bot.auto_follow.py follow_batch() INFO: Starting follow batch of 12 users. 10.02.24 19:05:10
app.bot.auto_follow.py open_connect_page() INFO: Opened the connect page. 10.02.24 19:05:12
app.bot.x_controller.py auto_follow() ERROR: Error processing a profile: Message: stale element reference: stale element not found
  (Session info: chrome=129.0.6668.60); For documentation on this error, please visit: https://www.selenium.dev/documentation/webdriver/troubleshooting/errors#stale-element-reference-exception
Stacktrace:
	GetHandleVerifier [0x00007FF6BE96FDA5+29557]
	(No symbol) [0x00007FF6BE8E2240]
	(No symbol) [0x00007FF6BE79B6EA]
	(No symbol) [0x00007FF6BE7AE1CB]
	(No symbol) [0x00007FF6BE7A2F14]
	(No symbol) [0x00007FF6BE7A0D94]
	(No symbol) [0x00007FF6BE7A4637]
	(No symbol) [0x00007FF6BE7A46F0]
	(No symbol) [0x00007FF6BE7EF58F]
	(No symbol) [0x00007FF6BE7EFC6C]
	(No symbol) [0x00007FF6BE7E313C]
	(No symbol) [0x00007FF6BE81753F]
	(No symbol) [0x00007FF6BE7E3006]
	(No symbol) [0x00007FF6BE817710]
	(No symbol) [0x00007FF6BE8388A3]
	(No symbol) [0x00007FF6BE8172A3]
	(No symbol) [0x00007FF6BE7E12DF]
	(No symbol) [0x00007FF6BE7E2451]
	GetHandleVerifier [0x00007FF6BEC9DCBD+3363469]
	GetHandleVerifier [0x00007FF6BECE9B47+3674391]
	GetHandleVerifier [0x00007FF6BECDEAEB+3629243]
	GetHandleVerifier [0x00007FF6BEA2FC66+815670]
	(No symbol) [0x00007FF6BE8ED6EF]
	(No symbol) [0x00007FF6BE8E92B4]
	(No symbol) [0x00007FF6BE8E9450]
	(No symbol) [0x00007FF6BE8D81FF]
	BaseThreadInitThunk [0x00007FFD4D0B257D+29]
	RtlUserThreadStart [0x00007FFD4F1EAF08+40]
 10.02.24 19:05:17
Traceback (most recent call last):
  File "c:\Users\Puja\Work\Coding\Python\For Poolsifi\Auto Poster\app\bot\x_controller.py", line 317, in auto_follow
    profile_link = profile.find_element(By.XPATH, './/a[@role="link"]').get_attribute('href')
  File "c:\Users\Puja\.virtualenvs\Flash-wa06wYvm\lib\site-packages\selenium\webdriver\remote\webelement.py", line 417, in find_element
    return self._execute(Command.FIND_CHILD_ELEMENT, {"using": by, "value": value})["value"]
  File "c:\Users\Puja\.virtualenvs\Flash-wa06wYvm\lib\site-packages\selenium\webdriver\remote\webelement.py", line 395, in _execute
    return self._parent.execute(command, params)
  File "c:\Users\Puja\.virtualenvs\Flash-wa06wYvm\lib\site-packages\selenium\webdriver\remote\webdriver.py", line 354, in execute
    self.error_handler.check_response(response)
  File "c:\Users\Puja\.virtualenvs\Flash-wa06wYvm\lib\site-packages\selenium\webdriver\remote\errorhandler.py", line 229, in check_response
    raise exception_class(message, screen, stacktrace)
selenium.common.exceptions.StaleElementReferenceException: Message: stale element reference: stale element not found
  (Session info: chrome=129.0.6668.60); For documentation on this error, please visit: https://www.selenium.dev/documentation/webdriver/troubleshooting/errors#stale-element-reference-exception
Stacktrace:
	GetHandleVerifier [0x00007FF6BE96FDA5+29557]
	(No symbol) [0x00007FF6BE8E2240]
	(No symbol) [0x00007FF6BE79B6EA]
	(No symbol) [0x00007FF6BE7AE1CB]
	(No symbol) [0x00007FF6BE7A2F14]
	(No symbol) [0x00007FF6BE7A0D94]
	(No symbol) [0x00007FF6BE7A4637]
	(No symbol) [0x00007FF6BE7A46F0]
	(No symbol) [0x00007FF6BE7EF58F]
	(No symbol) [0x00007FF6BE7EFC6C]
	(No symbol) [0x00007FF6BE7E313C]
	(No symbol) [0x00007FF6BE81753F]
	(No symbol) [0x00007FF6BE7E3006]
	(No symbol) [0x00007FF6BE817710]
	(No symbol) [0x00007FF6BE8388A3]
	(No symbol) [0x00007FF6BE8172A3]
	(No symbol) [0x00007FF6BE7E12DF]
	(No symbol) [0x00007FF6BE7E2451]
	GetHandleVerifier [0x00007FF6BEC9DCBD+3363469]
	GetHandleVerifier [0x00007FF6BECE9B47+3674391]
	GetHandleVerifier [0x00007FF6BECDEAEB+3629243]
	GetHandleVerifier [0x00007FF6BEA2FC66+815670]
	(No symbol) [0x00007FF6BE8ED6EF]
	(No symbol) [0x00007FF6BE8E92B4]
	(No symbol) [0x00007FF6BE8E9450]
	(No symbol) [0x00007FF6BE8D81FF]
	BaseThreadInitThunk [0x00007FFD4D0B257D+29]
	RtlUserThreadStart [0x00007FFD4F1EAF08+40]

app.bot.x_controller.py auto_follow() ERROR: Error processing a profile: Message: stale element reference: stale element not found
  (Session info: chrome=129.0.6668.60); For documentation on this error, please visit: https://www.selenium.dev/documentation/webdriver/troubleshooting/errors#stale-element-reference-exception
Stacktrace:
	GetHandleVerifier [0x00007FF6BE96FDA5+29557]
	(No symbol) [0x00007FF6BE8E2240]
	(No symbol) [0x00007FF6BE79B6EA]
	(No symbol) [0x00007FF6BE7AE1CB]
	(No symbol) [0x00007FF6BE7A2F14]
	(No symbol) [0x00007FF6BE7A0D94]
	(No symbol) [0x00007FF6BE7A4637]
	(No symbol) [0x00007FF6BE7A46F0]
	(No symbol) [0x00007FF6BE7EF58F]
	(No symbol) [0x00007FF6BE7EFC6C]
	(No symbol) [0x00007FF6BE7E313C]
	(No symbol) [0x00007FF6BE81753F]
	(No symbol) [0x00007FF6BE7E3006]
	(No symbol) [0x00007FF6BE817710]
	(No symbol) [0x00007FF6BE8388A3]
	(No symbol) [0x00007FF6BE8172A3]
	(No symbol) [0x00007FF6BE7E12DF]
	(No symbol) [0x00007FF6BE7E2451]
	GetHandleVerifier [0x00007FF6BEC9DCBD+3363469]
	GetHandleVerifier [0x00007FF6BECE9B47+3674391]
	GetHandleVerifier [0x00007FF6BECDEAEB+3629243]
	GetHandleVerifier [0x00007FF6BEA2FC66+815670]
	(No symbol) [0x00007FF6BE8ED6EF]
	(No symbol) [0x00007FF6BE8E92B4]
	(No symbol) [0x00007FF6BE8E9450]
	(No symbol) [0x00007FF6BE8D81FF]
	BaseThreadInitThunk [0x00007FFD4D0B257D+29]
	RtlUserThreadStart [0x00007FFD4F1EAF08+40]
 10.02.24 19:05:17
Traceback (most recent call last):
  File "c:\Users\Puja\Work\Coding\Python\For Poolsifi\Auto Poster\app\bot\x_controller.py", line 317, in auto_follow
    profile_link = profile.find_element(By.XPATH, './/a[@role="link"]').get_attribute('href')
  File "c:\Users\Puja\.virtualenvs\Flash-wa06wYvm\lib\site-packages\selenium\webdriver\remote\webelement.py", line 417, in find_element
    return self._execute(Command.FIND_CHILD_ELEMENT, {"using": by, "value": value})["value"]
  File "c:\Users\Puja\.virtualenvs\Flash-wa06wYvm\lib\site-packages\selenium\webdriver\remote\webelement.py", line 395, in _execute
    return self._parent.execute(command, params)
  File "c:\Users\Puja\.virtualenvs\Flash-wa06wYvm\lib\site-packages\selenium\webdriver\remote\webdriver.py", line 354, in execute
    self.error_handler.check_response(response)
  File "c:\Users\Puja\.virtualenvs\Flash-wa06wYvm\lib\site-packages\selenium\webdriver\remote\errorhandler.py", line 229, in check_response
    raise exception_class(message, screen, stacktrace)
selenium.common.exceptions.StaleElementReferenceException: Message: stale element reference: stale element not found
  (Session info: chrome=129.0.6668.60); For documentation on this error, please visit: https://www.selenium.dev/documentation/webdriver/troubleshooting/errors#stale-element-reference-exception
Stacktrace:
	GetHandleVerifier [0x00007FF6BE96FDA5+29557]
	(No symbol) [0x00007FF6BE8E2240]
	(No symbol) [0x00007FF6BE79B6EA]
	(No symbol) [0x00007FF6BE7AE1CB]
	(No symbol) [0x00007FF6BE7A2F14]
	(No symbol) [0x00007FF6BE7A0D94]
	(No symbol) [0x00007FF6BE7A4637]
	(No symbol) [0x00007FF6BE7A46F0]
	(No symbol) [0x00007FF6BE7EF58F]
	(No symbol) [0x00007FF6BE7EFC6C]
	(No symbol) [0x00007FF6BE7E313C]
	(No symbol) [0x00007FF6BE81753F]
	(No symbol) [0x00007FF6BE7E3006]
	(No symbol) [0x00007FF6BE817710]
	(No symbol) [0x00007FF6BE8388A3]
	(No symbol) [0x00007FF6BE8172A3]
	(No symbol) [0x00007FF6BE7E12DF]
	(No symbol) [0x00007FF6BE7E2451]
	GetHandleVerifier [0x00007FF6BEC9DCBD+3363469]
	GetHandleVerifier [0x00007FF6BECE9B47+3674391]
	GetHandleVerifier [0x00007FF6BECDEAEB+3629243]
	GetHandleVerifier [0x00007FF6BEA2FC66+815670]
	(No symbol) [0x00007FF6BE8ED6EF]
	(No symbol) [0x00007FF6BE8E92B4]
	(No symbol) [0x00007FF6BE8E9450]
	(No symbol) [0x00007FF6BE8D81FF]
	BaseThreadInitThunk [0x00007FFD4D0B257D+29]
	RtlUserThreadStart [0x00007FFD4F1EAF08+40]

app.bot.x_controller.py auto_follow() ERROR: Error processing a profile: Message: stale element reference: stale element not found
  (Session info: chrome=129.0.6668.60); For documentation on this error, please visit: https://www.selenium.dev/documentation/webdriver/troubleshooting/errors#stale-element-reference-exception
Stacktrace:
	GetHandleVerifier [0x00007FF6BE96FDA5+29557]
	(No symbol) [0x00007FF6BE8E2240]
	(No symbol) [0x00007FF6BE79B6EA]
	(No symbol) [0x00007FF6BE7AE1CB]
	(No symbol) [0x00007FF6BE7A2F14]
	(No symbol) [0x00007FF6BE7A0D94]
	(No symbol) [0x00007FF6BE7A4637]
	(No symbol) [0x00007FF6BE7A46F0]
	(No symbol) [0x00007FF6BE7EF58F]
	(No symbol) [0x00007FF6BE7EFC6C]
	(No symbol) [0x00007FF6BE7E313C]
	(No symbol) [0x00007FF6BE81753F]
	(No symbol) [0x00007FF6BE7E3006]
	(No symbol) [0x00007FF6BE817710]
	(No symbol) [0x00007FF6BE8388A3]
	(No symbol) [0x00007FF6BE8172A3]
	(No symbol) [0x00007FF6BE7E12DF]
	(No symbol) [0x00007FF6BE7E2451]
	GetHandleVerifier [0x00007FF6BEC9DCBD+3363469]
	GetHandleVerifier [0x00007FF6BECE9B47+3674391]
	GetHandleVerifier [0x00007FF6BECDEAEB+3629243]
	GetHandleVerifier [0x00007FF6BEA2FC66+815670]
	(No symbol) [0x00007FF6BE8ED6EF]
	(No symbol) [0x00007FF6BE8E92B4]
	(No symbol) [0x00007FF6BE8E9450]
	(No symbol) [0x00007FF6BE8D81FF]
	BaseThreadInitThunk [0x00007FFD4D0B257D+29]
	RtlUserThreadStart [0x00007FFD4F1EAF08+40]
 10.02.24 19:05:17
Traceback (most recent call last):
  File "c:\Users\Puja\Work\Coding\Python\For Poolsifi\Auto Poster\app\bot\x_controller.py", line 317, in auto_follow
    profile_link = profile.find_element(By.XPATH, './/a[@role="link"]').get_attribute('href')
  File "c:\Users\Puja\.virtualenvs\Flash-wa06wYvm\lib\site-packages\selenium\webdriver\remote\webelement.py", line 417, in find_element
    return self._execute(Command.FIND_CHILD_ELEMENT, {"using": by, "value": value})["value"]
  File "c:\Users\Puja\.virtualenvs\Flash-wa06wYvm\lib\site-packages\selenium\webdriver\remote\webelement.py", line 395, in _execute
    return self._parent.execute(command, params)
  File "c:\Users\Puja\.virtualenvs\Flash-wa06wYvm\lib\site-packages\selenium\webdriver\remote\webdriver.py", line 354, in execute
    self.error_handler.check_response(response)
  File "c:\Users\Puja\.virtualenvs\Flash-wa06wYvm\lib\site-packages\selenium\webdriver\remote\errorhandler.py", line 229, in check_response
    raise exception_class(message, screen, stacktrace)
selenium.common.exceptions.StaleElementReferenceException: Message: stale element reference: stale element not found
  (Session info: chrome=129.0.6668.60); For documentation on this error, please visit: https://www.selenium.dev/documentation/webdriver/troubleshooting/errors#stale-element-reference-exception
Stacktrace:
	GetHandleVerifier [0x00007FF6BE96FDA5+29557]
	(No symbol) [0x00007FF6BE8E2240]
	(No symbol) [0x00007FF6BE79B6EA]
	(No symbol) [0x00007FF6BE7AE1CB]
	(No symbol) [0x00007FF6BE7A2F14]
	(No symbol) [0x00007FF6BE7A0D94]
	(No symbol) [0x00007FF6BE7A4637]
	(No symbol) [0x00007FF6BE7A46F0]
	(No symbol) [0x00007FF6BE7EF58F]
	(No symbol) [0x00007FF6BE7EFC6C]
	(No symbol) [0x00007FF6BE7E313C]
	(No symbol) [0x00007FF6BE81753F]
	(No symbol) [0x00007FF6BE7E3006]
	(No symbol) [0x00007FF6BE817710]
	(No symbol) [0x00007FF6BE8388A3]
	(No symbol) [0x00007FF6BE8172A3]
	(No symbol) [0x00007FF6BE7E12DF]
	(No symbol) [0x00007FF6BE7E2451]
	GetHandleVerifier [0x00007FF6BEC9DCBD+3363469]
	GetHandleVerifier [0x00007FF6BECE9B47+3674391]
	GetHandleVerifier [0x00007FF6BECDEAEB+3629243]
	GetHandleVerifier [0x00007FF6BEA2FC66+815670]
	(No symbol) [0x00007FF6BE8ED6EF]
	(No symbol) [0x00007FF6BE8E92B4]
	(No symbol) [0x00007FF6BE8E9450]
	(No symbol) [0x00007FF6BE8D81FF]
	BaseThreadInitThunk [0x00007FFD4D0B257D+29]
	RtlUserThreadStart [0x00007FFD4F1EAF08+40]

app.bot.x_controller.py auto_follow() ERROR: Error processing a profile: Message: stale element reference: stale element not found
  (Session info: chrome=129.0.6668.60); For documentation on this error, please visit: https://www.selenium.dev/documentation/webdriver/troubleshooting/errors#stale-element-reference-exception
Stacktrace:
	GetHandleVerifier [0x00007FF6BE96FDA5+29557]
	(No symbol) [0x00007FF6BE8E2240]
	(No symbol) [0x00007FF6BE79B6EA]
	(No symbol) [0x00007FF6BE7AE1CB]
	(No symbol) [0x00007FF6BE7A2F14]
	(No symbol) [0x00007FF6BE7A0D94]
	(No symbol) [0x00007FF6BE7A4637]
	(No symbol) [0x00007FF6BE7A46F0]
	(No symbol) [0x00007FF6BE7EF58F]
	(No symbol) [0x00007FF6BE7EFC6C]
	(No symbol) [0x00007FF6BE7E313C]
	(No symbol) [0x00007FF6BE81753F]
	(No symbol) [0x00007FF6BE7E3006]
	(No symbol) [0x00007FF6BE817710]
	(No symbol) [0x00007FF6BE8388A3]
	(No symbol) [0x00007FF6BE8172A3]
	(No symbol) [0x00007FF6BE7E12DF]
	(No symbol) [0x00007FF6BE7E2451]
	GetHandleVerifier [0x00007FF6BEC9DCBD+3363469]
	GetHandleVerifier [0x00007FF6BECE9B47+3674391]
	GetHandleVerifier [0x00007FF6BECDEAEB+3629243]
	GetHandleVerifier [0x00007FF6BEA2FC66+815670]
	(No symbol) [0x00007FF6BE8ED6EF]
	(No symbol) [0x00007FF6BE8E92B4]
	(No symbol) [0x00007FF6BE8E9450]
	(No symbol) [0x00007FF6BE8D81FF]
	BaseThreadInitThunk [0x00007FFD4D0B257D+29]
	RtlUserThreadStart [0x00007FFD4F1EAF08+40]
 10.02.24 19:05:17
Traceback (most recent call last):
  File "c:\Users\Puja\Work\Coding\Python\For Poolsifi\Auto Poster\app\bot\x_controller.py", line 317, in auto_follow
    profile_link = profile.find_element(By.XPATH, './/a[@role="link"]').get_attribute('href')
  File "c:\Users\Puja\.virtualenvs\Flash-wa06wYvm\lib\site-packages\selenium\webdriver\remote\webelement.py", line 417, in find_element
    return self._execute(Command.FIND_CHILD_ELEMENT, {"using": by, "value": value})["value"]
  File "c:\Users\Puja\.virtualenvs\Flash-wa06wYvm\lib\site-packages\selenium\webdriver\remote\webelement.py", line 395, in _execute
    return self._parent.execute(command, params)
  File "c:\Users\Puja\.virtualenvs\Flash-wa06wYvm\lib\site-packages\selenium\webdriver\remote\webdriver.py", line 354, in execute
    self.error_handler.check_response(response)
  File "c:\Users\Puja\.virtualenvs\Flash-wa06wYvm\lib\site-packages\selenium\webdriver\remote\errorhandler.py", line 229, in check_response
    raise exception_class(message, screen, stacktrace)
selenium.common.exceptions.StaleElementReferenceException: Message: stale element reference: stale element not found
  (Session info: chrome=129.0.6668.60); For documentation on this error, please visit: https://www.selenium.dev/documentation/webdriver/troubleshooting/errors#stale-element-reference-exception
Stacktrace:
	GetHandleVerifier [0x00007FF6BE96FDA5+29557]
	(No symbol) [0x00007FF6BE8E2240]
	(No symbol) [0x00007FF6BE79B6EA]
	(No symbol) [0x00007FF6BE7AE1CB]
	(No symbol) [0x00007FF6BE7A2F14]
	(No symbol) [0x00007FF6BE7A0D94]
	(No symbol) [0x00007FF6BE7A4637]
	(No symbol) [0x00007FF6BE7A46F0]
	(No symbol) [0x00007FF6BE7EF58F]
	(No symbol) [0x00007FF6BE7EFC6C]
	(No symbol) [0x00007FF6BE7E313C]
	(No symbol) [0x00007FF6BE81753F]
	(No symbol) [0x00007FF6BE7E3006]
	(No symbol) [0x00007FF6BE817710]
	(No symbol) [0x00007FF6BE8388A3]
	(No symbol) [0x00007FF6BE8172A3]
	(No symbol) [0x00007FF6BE7E12DF]
	(No symbol) [0x00007FF6BE7E2451]
	GetHandleVerifier [0x00007FF6BEC9DCBD+3363469]
	GetHandleVerifier [0x00007FF6BECE9B47+3674391]
	GetHandleVerifier [0x00007FF6BECDEAEB+3629243]
	GetHandleVerifier [0x00007FF6BEA2FC66+815670]
	(No symbol) [0x00007FF6BE8ED6EF]
	(No symbol) [0x00007FF6BE8E92B4]
	(No symbol) [0x00007FF6BE8E9450]
	(No symbol) [0x00007FF6BE8D81FF]
	BaseThreadInitThunk [0x00007FFD4D0B257D+29]
	RtlUserThreadStart [0x00007FFD4F1EAF08+40]

app.bot.x_controller.py auto_follow() ERROR: Error processing a profile: Message: stale element reference: stale element not found
  (Session info: chrome=129.0.6668.60); For documentation on this error, please visit: https://www.selenium.dev/documentation/webdriver/troubleshooting/errors#stale-element-reference-exception
Stacktrace:
	GetHandleVerifier [0x00007FF6BE96FDA5+29557]
	(No symbol) [0x00007FF6BE8E2240]
	(No symbol) [0x00007FF6BE79B6EA]
	(No symbol) [0x00007FF6BE7AE1CB]
	(No symbol) [0x00007FF6BE7A2F14]
	(No symbol) [0x00007FF6BE7A0D94]
	(No symbol) [0x00007FF6BE7A4637]
	(No symbol) [0x00007FF6BE7A46F0]
	(No symbol) [0x00007FF6BE7EF58F]
	(No symbol) [0x00007FF6BE7EFC6C]
	(No symbol) [0x00007FF6BE7E313C]
	(No symbol) [0x00007FF6BE81753F]
	(No symbol) [0x00007FF6BE7E3006]
	(No symbol) [0x00007FF6BE817710]
	(No symbol) [0x00007FF6BE8388A3]
	(No symbol) [0x00007FF6BE8172A3]
	(No symbol) [0x00007FF6BE7E12DF]
	(No symbol) [0x00007FF6BE7E2451]
	GetHandleVerifier [0x00007FF6BEC9DCBD+3363469]
	GetHandleVerifier [0x00007FF6BECE9B47+3674391]
	GetHandleVerifier [0x00007FF6BECDEAEB+3629243]
	GetHandleVerifier [0x00007FF6BEA2FC66+815670]
	(No symbol) [0x00007FF6BE8ED6EF]
	(No symbol) [0x00007FF6BE8E92B4]
	(No symbol) [0x00007FF6BE8E9450]
	(No symbol) [0x00007FF6BE8D81FF]
	BaseThreadInitThunk [0x00007FFD4D0B257D+29]
	RtlUserThreadStart [0x00007FFD4F1EAF08+40]
 10.02.24 19:05:17
Traceback (most recent call last):
  File "c:\Users\Puja\Work\Coding\Python\For Poolsifi\Auto Poster\app\bot\x_controller.py", line 317, in auto_follow
    profile_link = profile.find_element(By.XPATH, './/a[@role="link"]').get_attribute('href')
  File "c:\Users\Puja\.virtualenvs\Flash-wa06wYvm\lib\site-packages\selenium\webdriver\remote\webelement.py", line 417, in find_element
    return self._execute(Command.FIND_CHILD_ELEMENT, {"using": by, "value": value})["value"]
  File "c:\Users\Puja\.virtualenvs\Flash-wa06wYvm\lib\site-packages\selenium\webdriver\remote\webelement.py", line 395, in _execute
    return self._parent.execute(command, params)
  File "c:\Users\Puja\.virtualenvs\Flash-wa06wYvm\lib\site-packages\selenium\webdriver\remote\webdriver.py", line 354, in execute
    self.error_handler.check_response(response)
  File "c:\Users\Puja\.virtualenvs\Flash-wa06wYvm\lib\site-packages\selenium\webdriver\remote\errorhandler.py", line 229, in check_response
    raise exception_class(message, screen, stacktrace)
selenium.common.exceptions.StaleElementReferenceException: Message: stale element reference: stale element not found
  (Session info: chrome=129.0.6668.60); For documentation on this error, please visit: https://www.selenium.dev/documentation/webdriver/troubleshooting/errors#stale-element-reference-exception
Stacktrace:
	GetHandleVerifier [0x00007FF6BE96FDA5+29557]
	(No symbol) [0x00007FF6BE8E2240]
	(No symbol) [0x00007FF6BE79B6EA]
	(No symbol) [0x00007FF6BE7AE1CB]
	(No symbol) [0x00007FF6BE7A2F14]
	(No symbol) [0x00007FF6BE7A0D94]
	(No symbol) [0x00007FF6BE7A4637]
	(No symbol) [0x00007FF6BE7A46F0]
	(No symbol) [0x00007FF6BE7EF58F]
	(No symbol) [0x00007FF6BE7EFC6C]
	(No symbol) [0x00007FF6BE7E313C]
	(No symbol) [0x00007FF6BE81753F]
	(No symbol) [0x00007FF6BE7E3006]
	(No symbol) [0x00007FF6BE817710]
	(No symbol) [0x00007FF6BE8388A3]
	(No symbol) [0x00007FF6BE8172A3]
	(No symbol) [0x00007FF6BE7E12DF]
	(No symbol) [0x00007FF6BE7E2451]
	GetHandleVerifier [0x00007FF6BEC9DCBD+3363469]
	GetHandleVerifier [0x00007FF6BECE9B47+3674391]
	GetHandleVerifier [0x00007FF6BECDEAEB+3629243]
	GetHandleVerifier [0x00007FF6BEA2FC66+815670]
	(No symbol) [0x00007FF6BE8ED6EF]
	(No symbol) [0x00007FF6BE8E92B4]
	(No symbol) [0x00007FF6BE8E9450]
	(No symbol) [0x00007FF6BE8D81FF]
	BaseThreadInitThunk [0x00007FFD4D0B257D+29]
	RtlUserThreadStart [0x00007FFD4F1EAF08+40]

app.bot.x_controller.py auto_follow() ERROR: Error processing a profile: Message: stale element reference: stale element not found
  (Session info: chrome=129.0.6668.60); For documentation on this error, please visit: https://www.selenium.dev/documentation/webdriver/troubleshooting/errors#stale-element-reference-exception
Stacktrace:
	GetHandleVerifier [0x00007FF6BE96FDA5+29557]
	(No symbol) [0x00007FF6BE8E2240]
	(No symbol) [0x00007FF6BE79B6EA]
	(No symbol) [0x00007FF6BE7AE1CB]
	(No symbol) [0x00007FF6BE7A2F14]
	(No symbol) [0x00007FF6BE7A0D94]
	(No symbol) [0x00007FF6BE7A4637]
	(No symbol) [0x00007FF6BE7A46F0]
	(No symbol) [0x00007FF6BE7EF58F]
	(No symbol) [0x00007FF6BE7EFC6C]
	(No symbol) [0x00007FF6BE7E313C]
	(No symbol) [0x00007FF6BE81753F]
	(No symbol) [0x00007FF6BE7E3006]
	(No symbol) [0x00007FF6BE817710]
	(No symbol) [0x00007FF6BE8388A3]
	(No symbol) [0x00007FF6BE8172A3]
	(No symbol) [0x00007FF6BE7E12DF]
	(No symbol) [0x00007FF6BE7E2451]
	GetHandleVerifier [0x00007FF6BEC9DCBD+3363469]
	GetHandleVerifier [0x00007FF6BECE9B47+3674391]
	GetHandleVerifier [0x00007FF6BECDEAEB+3629243]
	GetHandleVerifier [0x00007FF6BEA2FC66+815670]
	(No symbol) [0x00007FF6BE8ED6EF]
	(No symbol) [0x00007FF6BE8E92B4]
	(No symbol) [0x00007FF6BE8E9450]
	(No symbol) [0x00007FF6BE8D81FF]
	BaseThreadInitThunk [0x00007FFD4D0B257D+29]
	RtlUserThreadStart [0x00007FFD4F1EAF08+40]
 10.02.24 19:05:17
Traceback (most recent call last):
  File "c:\Users\Puja\Work\Coding\Python\For Poolsifi\Auto Poster\app\bot\x_controller.py", line 317, in auto_follow
    profile_link = profile.find_element(By.XPATH, './/a[@role="link"]').get_attribute('href')
  File "c:\Users\Puja\.virtualenvs\Flash-wa06wYvm\lib\site-packages\selenium\webdriver\remote\webelement.py", line 417, in find_element
    return self._execute(Command.FIND_CHILD_ELEMENT, {"using": by, "value": value})["value"]
  File "c:\Users\Puja\.virtualenvs\Flash-wa06wYvm\lib\site-packages\selenium\webdriver\remote\webelement.py", line 395, in _execute
    return self._parent.execute(command, params)
  File "c:\Users\Puja\.virtualenvs\Flash-wa06wYvm\lib\site-packages\selenium\webdriver\remote\webdriver.py", line 354, in execute
    self.error_handler.check_response(response)
  File "c:\Users\Puja\.virtualenvs\Flash-wa06wYvm\lib\site-packages\selenium\webdriver\remote\errorhandler.py", line 229, in check_response
    raise exception_class(message, screen, stacktrace)
selenium.common.exceptions.StaleElementReferenceException: Message: stale element reference: stale element not found
  (Session info: chrome=129.0.6668.60); For documentation on this error, please visit: https://www.selenium.dev/documentation/webdriver/troubleshooting/errors#stale-element-reference-exception
Stacktrace:
	GetHandleVerifier [0x00007FF6BE96FDA5+29557]
	(No symbol) [0x00007FF6BE8E2240]
	(No symbol) [0x00007FF6BE79B6EA]
	(No symbol) [0x00007FF6BE7AE1CB]
	(No symbol) [0x00007FF6BE7A2F14]
	(No symbol) [0x00007FF6BE7A0D94]
	(No symbol) [0x00007FF6BE7A4637]
	(No symbol) [0x00007FF6BE7A46F0]
	(No symbol) [0x00007FF6BE7EF58F]
	(No symbol) [0x00007FF6BE7EFC6C]
	(No symbol) [0x00007FF6BE7E313C]
	(No symbol) [0x00007FF6BE81753F]
	(No symbol) [0x00007FF6BE7E3006]
	(No symbol) [0x00007FF6BE817710]
	(No symbol) [0x00007FF6BE8388A3]
	(No symbol) [0x00007FF6BE8172A3]
	(No symbol) [0x00007FF6BE7E12DF]
	(No symbol) [0x00007FF6BE7E2451]
	GetHandleVerifier [0x00007FF6BEC9DCBD+3363469]
	GetHandleVerifier [0x00007FF6BECE9B47+3674391]
	GetHandleVerifier [0x00007FF6BECDEAEB+3629243]
	GetHandleVerifier [0x00007FF6BEA2FC66+815670]
	(No symbol) [0x00007FF6BE8ED6EF]
	(No symbol) [0x00007FF6BE8E92B4]
	(No symbol) [0x00007FF6BE8E9450]
	(No symbol) [0x00007FF6BE8D81FF]
	BaseThreadInitThunk [0x00007FFD4D0B257D+29]
	RtlUserThreadStart [0x00007FFD4F1EAF08+40]

app.bot.x_controller.py auto_follow() ERROR: Error processing a profile: Message: stale element reference: stale element not found
  (Session info: chrome=129.0.6668.60); For documentation on this error, please visit: https://www.selenium.dev/documentation/webdriver/troubleshooting/errors#stale-element-reference-exception
Stacktrace:
	GetHandleVerifier [0x00007FF6BE96FDA5+29557]
	(No symbol) [0x00007FF6BE8E2240]
	(No symbol) [0x00007FF6BE79B6EA]
	(No symbol) [0x00007FF6BE7AE1CB]
	(No symbol) [0x00007FF6BE7A2F14]
	(No symbol) [0x00007FF6BE7A0D94]
	(No symbol) [0x00007FF6BE7A4637]
	(No symbol) [0x00007FF6BE7A46F0]
	(No symbol) [0x00007FF6BE7EF58F]
	(No symbol) [0x00007FF6BE7EFC6C]
	(No symbol) [0x00007FF6BE7E313C]
	(No symbol) [0x00007FF6BE81753F]
	(No symbol) [0x00007FF6BE7E3006]
	(No symbol) [0x00007FF6BE817710]
	(No symbol) [0x00007FF6BE8388A3]
	(No symbol) [0x00007FF6BE8172A3]
	(No symbol) [0x00007FF6BE7E12DF]
	(No symbol) [0x00007FF6BE7E2451]
	GetHandleVerifier [0x00007FF6BEC9DCBD+3363469]
	GetHandleVerifier [0x00007FF6BECE9B47+3674391]
	GetHandleVerifier [0x00007FF6BECDEAEB+3629243]
	GetHandleVerifier [0x00007FF6BEA2FC66+815670]
	(No symbol) [0x00007FF6BE8ED6EF]
	(No symbol) [0x00007FF6BE8E92B4]
	(No symbol) [0x00007FF6BE8E9450]
	(No symbol) [0x00007FF6BE8D81FF]
	BaseThreadInitThunk [0x00007FFD4D0B257D+29]
	RtlUserThreadStart [0x00007FFD4F1EAF08+40]
 10.02.24 19:05:17
Traceback (most recent call last):
  File "c:\Users\Puja\Work\Coding\Python\For Poolsifi\Auto Poster\app\bot\x_controller.py", line 317, in auto_follow
    profile_link = profile.find_element(By.XPATH, './/a[@role="link"]').get_attribute('href')
  File "c:\Users\Puja\.virtualenvs\Flash-wa06wYvm\lib\site-packages\selenium\webdriver\remote\webelement.py", line 417, in find_element
    return self._execute(Command.FIND_CHILD_ELEMENT, {"using": by, "value": value})["value"]
  File "c:\Users\Puja\.virtualenvs\Flash-wa06wYvm\lib\site-packages\selenium\webdriver\remote\webelement.py", line 395, in _execute
    return self._parent.execute(command, params)
  File "c:\Users\Puja\.virtualenvs\Flash-wa06wYvm\lib\site-packages\selenium\webdriver\remote\webdriver.py", line 354, in execute
    self.error_handler.check_response(response)
  File "c:\Users\Puja\.virtualenvs\Flash-wa06wYvm\lib\site-packages\selenium\webdriver\remote\errorhandler.py", line 229, in check_response
    raise exception_class(message, screen, stacktrace)
selenium.common.exceptions.StaleElementReferenceException: Message: stale element reference: stale element not found
  (Session info: chrome=129.0.6668.60); For documentation on this error, please visit: https://www.selenium.dev/documentation/webdriver/troubleshooting/errors#stale-element-reference-exception
Stacktrace:
	GetHandleVerifier [0x00007FF6BE96FDA5+29557]
	(No symbol) [0x00007FF6BE8E2240]
	(No symbol) [0x00007FF6BE79B6EA]
	(No symbol) [0x00007FF6BE7AE1CB]
	(No symbol) [0x00007FF6BE7A2F14]
	(No symbol) [0x00007FF6BE7A0D94]
	(No symbol) [0x00007FF6BE7A4637]
	(No symbol) [0x00007FF6BE7A46F0]
	(No symbol) [0x00007FF6BE7EF58F]
	(No symbol) [0x00007FF6BE7EFC6C]
	(No symbol) [0x00007FF6BE7E313C]
	(No symbol) [0x00007FF6BE81753F]
	(No symbol) [0x00007FF6BE7E3006]
	(No symbol) [0x00007FF6BE817710]
	(No symbol) [0x00007FF6BE8388A3]
	(No symbol) [0x00007FF6BE8172A3]
	(No symbol) [0x00007FF6BE7E12DF]
	(No symbol) [0x00007FF6BE7E2451]
	GetHandleVerifier [0x00007FF6BEC9DCBD+3363469]
	GetHandleVerifier [0x00007FF6BECE9B47+3674391]
	GetHandleVerifier [0x00007FF6BECDEAEB+3629243]
	GetHandleVerifier [0x00007FF6BEA2FC66+815670]
	(No symbol) [0x00007FF6BE8ED6EF]
	(No symbol) [0x00007FF6BE8E92B4]
	(No symbol) [0x00007FF6BE8E9450]
	(No symbol) [0x00007FF6BE8D81FF]
	BaseThreadInitThunk [0x00007FFD4D0B257D+29]
	RtlUserThreadStart [0x00007FFD4F1EAF08+40]

app.bot.x_controller.py auto_follow() ERROR: Error processing a profile: Message: stale element reference: stale element not found
  (Session info: chrome=129.0.6668.60); For documentation on this error, please visit: https://www.selenium.dev/documentation/webdriver/troubleshooting/errors#stale-element-reference-exception
Stacktrace:
	GetHandleVerifier [0x00007FF6BE96FDA5+29557]
	(No symbol) [0x00007FF6BE8E2240]
	(No symbol) [0x00007FF6BE79B6EA]
	(No symbol) [0x00007FF6BE7AE1CB]
	(No symbol) [0x00007FF6BE7A2F14]
	(No symbol) [0x00007FF6BE7A0D94]
	(No symbol) [0x00007FF6BE7A4637]
	(No symbol) [0x00007FF6BE7A46F0]
	(No symbol) [0x00007FF6BE7EF58F]
	(No symbol) [0x00007FF6BE7EFC6C]
	(No symbol) [0x00007FF6BE7E313C]
	(No symbol) [0x00007FF6BE81753F]
	(No symbol) [0x00007FF6BE7E3006]
	(No symbol) [0x00007FF6BE817710]
	(No symbol) [0x00007FF6BE8388A3]
	(No symbol) [0x00007FF6BE8172A3]
	(No symbol) [0x00007FF6BE7E12DF]
	(No symbol) [0x00007FF6BE7E2451]
	GetHandleVerifier [0x00007FF6BEC9DCBD+3363469]
	GetHandleVerifier [0x00007FF6BECE9B47+3674391]
	GetHandleVerifier [0x00007FF6BECDEAEB+3629243]
	GetHandleVerifier [0x00007FF6BEA2FC66+815670]
	(No symbol) [0x00007FF6BE8ED6EF]
	(No symbol) [0x00007FF6BE8E92B4]
	(No symbol) [0x00007FF6BE8E9450]
	(No symbol) [0x00007FF6BE8D81FF]
	BaseThreadInitThunk [0x00007FFD4D0B257D+29]
	RtlUserThreadStart [0x00007FFD4F1EAF08+40]
 10.02.24 19:05:17
Traceback (most recent call last):
  File "c:\Users\Puja\Work\Coding\Python\For Poolsifi\Auto Poster\app\bot\x_controller.py", line 317, in auto_follow
    profile_link = profile.find_element(By.XPATH, './/a[@role="link"]').get_attribute('href')
  File "c:\Users\Puja\.virtualenvs\Flash-wa06wYvm\lib\site-packages\selenium\webdriver\remote\webelement.py", line 417, in find_element
    return self._execute(Command.FIND_CHILD_ELEMENT, {"using": by, "value": value})["value"]
  File "c:\Users\Puja\.virtualenvs\Flash-wa06wYvm\lib\site-packages\selenium\webdriver\remote\webelement.py", line 395, in _execute
    return self._parent.execute(command, params)
  File "c:\Users\Puja\.virtualenvs\Flash-wa06wYvm\lib\site-packages\selenium\webdriver\remote\webdriver.py", line 354, in execute
    self.error_handler.check_response(response)
  File "c:\Users\Puja\.virtualenvs\Flash-wa06wYvm\lib\site-packages\selenium\webdriver\remote\errorhandler.py", line 229, in check_response
    raise exception_class(message, screen, stacktrace)
selenium.common.exceptions.StaleElementReferenceException: Message: stale element reference: stale element not found
  (Session info: chrome=129.0.6668.60); For documentation on this error, please visit: https://www.selenium.dev/documentation/webdriver/troubleshooting/errors#stale-element-reference-exception
Stacktrace:
	GetHandleVerifier [0x00007FF6BE96FDA5+29557]
	(No symbol) [0x00007FF6BE8E2240]
	(No symbol) [0x00007FF6BE79B6EA]
	(No symbol) [0x00007FF6BE7AE1CB]
	(No symbol) [0x00007FF6BE7A2F14]
	(No symbol) [0x00007FF6BE7A0D94]
	(No symbol) [0x00007FF6BE7A4637]
	(No symbol) [0x00007FF6BE7A46F0]
	(No symbol) [0x00007FF6BE7EF58F]
	(No symbol) [0x00007FF6BE7EFC6C]
	(No symbol) [0x00007FF6BE7E313C]
	(No symbol) [0x00007FF6BE81753F]
	(No symbol) [0x00007FF6BE7E3006]
	(No symbol) [0x00007FF6BE817710]
	(No symbol) [0x00007FF6BE8388A3]
	(No symbol) [0x00007FF6BE8172A3]
	(No symbol) [0x00007FF6BE7E12DF]
	(No symbol) [0x00007FF6BE7E2451]
	GetHandleVerifier [0x00007FF6BEC9DCBD+3363469]
	GetHandleVerifier [0x00007FF6BECE9B47+3674391]
	GetHandleVerifier [0x00007FF6BECDEAEB+3629243]
	GetHandleVerifier [0x00007FF6BEA2FC66+815670]
	(No symbol) [0x00007FF6BE8ED6EF]
	(No symbol) [0x00007FF6BE8E92B4]
	(No symbol) [0x00007FF6BE8E9450]
	(No symbol) [0x00007FF6BE8D81FF]
	BaseThreadInitThunk [0x00007FFD4D0B257D+29]
	RtlUserThreadStart [0x00007FFD4F1EAF08+40]

app.bot.x_controller.py auto_follow() ERROR: Error processing a profile: Message: stale element reference: stale element not found
  (Session info: chrome=129.0.6668.60); For documentation on this error, please visit: https://www.selenium.dev/documentation/webdriver/troubleshooting/errors#stale-element-reference-exception
Stacktrace:
	GetHandleVerifier [0x00007FF6BE96FDA5+29557]
	(No symbol) [0x00007FF6BE8E2240]
	(No symbol) [0x00007FF6BE79B6EA]
	(No symbol) [0x00007FF6BE7AE1CB]
	(No symbol) [0x00007FF6BE7A2F14]
	(No symbol) [0x00007FF6BE7A0D94]
	(No symbol) [0x00007FF6BE7A4637]
	(No symbol) [0x00007FF6BE7A46F0]
	(No symbol) [0x00007FF6BE7EF58F]
	(No symbol) [0x00007FF6BE7EFC6C]
	(No symbol) [0x00007FF6BE7E313C]
	(No symbol) [0x00007FF6BE81753F]
	(No symbol) [0x00007FF6BE7E3006]
	(No symbol) [0x00007FF6BE817710]
	(No symbol) [0x00007FF6BE8388A3]
	(No symbol) [0x00007FF6BE8172A3]
	(No symbol) [0x00007FF6BE7E12DF]
	(No symbol) [0x00007FF6BE7E2451]
	GetHandleVerifier [0x00007FF6BEC9DCBD+3363469]
	GetHandleVerifier [0x00007FF6BECE9B47+3674391]
	GetHandleVerifier [0x00007FF6BECDEAEB+3629243]
	GetHandleVerifier [0x00007FF6BEA2FC66+815670]
	(No symbol) [0x00007FF6BE8ED6EF]
	(No symbol) [0x00007FF6BE8E92B4]
	(No symbol) [0x00007FF6BE8E9450]
	(No symbol) [0x00007FF6BE8D81FF]
	BaseThreadInitThunk [0x00007FFD4D0B257D+29]
	RtlUserThreadStart [0x00007FFD4F1EAF08+40]
 10.02.24 19:05:17
Traceback (most recent call last):
  File "c:\Users\Puja\Work\Coding\Python\For Poolsifi\Auto Poster\app\bot\x_controller.py", line 317, in auto_follow
    profile_link = profile.find_element(By.XPATH, './/a[@role="link"]').get_attribute('href')
  File "c:\Users\Puja\.virtualenvs\Flash-wa06wYvm\lib\site-packages\selenium\webdriver\remote\webelement.py", line 417, in find_element
    return self._execute(Command.FIND_CHILD_ELEMENT, {"using": by, "value": value})["value"]
  File "c:\Users\Puja\.virtualenvs\Flash-wa06wYvm\lib\site-packages\selenium\webdriver\remote\webelement.py", line 395, in _execute
    return self._parent.execute(command, params)
  File "c:\Users\Puja\.virtualenvs\Flash-wa06wYvm\lib\site-packages\selenium\webdriver\remote\webdriver.py", line 354, in execute
    self.error_handler.check_response(response)
  File "c:\Users\Puja\.virtualenvs\Flash-wa06wYvm\lib\site-packages\selenium\webdriver\remote\errorhandler.py", line 229, in check_response
    raise exception_class(message, screen, stacktrace)
selenium.common.exceptions.StaleElementReferenceException: Message: stale element reference: stale element not found
  (Session info: chrome=129.0.6668.60); For documentation on this error, please visit: https://www.selenium.dev/documentation/webdriver/troubleshooting/errors#stale-element-reference-exception
Stacktrace:
	GetHandleVerifier [0x00007FF6BE96FDA5+29557]
	(No symbol) [0x00007FF6BE8E2240]
	(No symbol) [0x00007FF6BE79B6EA]
	(No symbol) [0x00007FF6BE7AE1CB]
	(No symbol) [0x00007FF6BE7A2F14]
	(No symbol) [0x00007FF6BE7A0D94]
	(No symbol) [0x00007FF6BE7A4637]
	(No symbol) [0x00007FF6BE7A46F0]
	(No symbol) [0x00007FF6BE7EF58F]
	(No symbol) [0x00007FF6BE7EFC6C]
	(No symbol) [0x00007FF6BE7E313C]
	(No symbol) [0x00007FF6BE81753F]
	(No symbol) [0x00007FF6BE7E3006]
	(No symbol) [0x00007FF6BE817710]
	(No symbol) [0x00007FF6BE8388A3]
	(No symbol) [0x00007FF6BE8172A3]
	(No symbol) [0x00007FF6BE7E12DF]
	(No symbol) [0x00007FF6BE7E2451]
	GetHandleVerifier [0x00007FF6BEC9DCBD+3363469]
	GetHandleVerifier [0x00007FF6BECE9B47+3674391]
	GetHandleVerifier [0x00007FF6BECDEAEB+3629243]
	GetHandleVerifier [0x00007FF6BEA2FC66+815670]
	(No symbol) [0x00007FF6BE8ED6EF]
	(No symbol) [0x00007FF6BE8E92B4]
	(No symbol) [0x00007FF6BE8E9450]
	(No symbol) [0x00007FF6BE8D81FF]
	BaseThreadInitThunk [0x00007FFD4D0B257D+29]
	RtlUserThreadStart [0x00007FFD4F1EAF08+40]

app.bot.x_controller.py auto_follow() ERROR: Error processing a profile: Message: stale element reference: stale element not found
  (Session info: chrome=129.0.6668.60); For documentation on this error, please visit: https://www.selenium.dev/documentation/webdriver/troubleshooting/errors#stale-element-reference-exception
Stacktrace:
	GetHandleVerifier [0x00007FF6BE96FDA5+29557]
	(No symbol) [0x00007FF6BE8E2240]
	(No symbol) [0x00007FF6BE79B6EA]
	(No symbol) [0x00007FF6BE7AE1CB]
	(No symbol) [0x00007FF6BE7A2F14]
	(No symbol) [0x00007FF6BE7A0D94]
	(No symbol) [0x00007FF6BE7A4637]
	(No symbol) [0x00007FF6BE7A46F0]
	(No symbol) [0x00007FF6BE7EF58F]
	(No symbol) [0x00007FF6BE7EFC6C]
	(No symbol) [0x00007FF6BE7E313C]
	(No symbol) [0x00007FF6BE81753F]
	(No symbol) [0x00007FF6BE7E3006]
	(No symbol) [0x00007FF6BE817710]
	(No symbol) [0x00007FF6BE8388A3]
	(No symbol) [0x00007FF6BE8172A3]
	(No symbol) [0x00007FF6BE7E12DF]
	(No symbol) [0x00007FF6BE7E2451]
	GetHandleVerifier [0x00007FF6BEC9DCBD+3363469]
	GetHandleVerifier [0x00007FF6BECE9B47+3674391]
	GetHandleVerifier [0x00007FF6BECDEAEB+3629243]
	GetHandleVerifier [0x00007FF6BEA2FC66+815670]
	(No symbol) [0x00007FF6BE8ED6EF]
	(No symbol) [0x00007FF6BE8E92B4]
	(No symbol) [0x00007FF6BE8E9450]
	(No symbol) [0x00007FF6BE8D81FF]
	BaseThreadInitThunk [0x00007FFD4D0B257D+29]
	RtlUserThreadStart [0x00007FFD4F1EAF08+40]
 10.02.24 19:05:17
Traceback (most recent call last):
  File "c:\Users\Puja\Work\Coding\Python\For Poolsifi\Auto Poster\app\bot\x_controller.py", line 317, in auto_follow
    profile_link = profile.find_element(By.XPATH, './/a[@role="link"]').get_attribute('href')
  File "c:\Users\Puja\.virtualenvs\Flash-wa06wYvm\lib\site-packages\selenium\webdriver\remote\webelement.py", line 417, in find_element
    return self._execute(Command.FIND_CHILD_ELEMENT, {"using": by, "value": value})["value"]
  File "c:\Users\Puja\.virtualenvs\Flash-wa06wYvm\lib\site-packages\selenium\webdriver\remote\webelement.py", line 395, in _execute
    return self._parent.execute(command, params)
  File "c:\Users\Puja\.virtualenvs\Flash-wa06wYvm\lib\site-packages\selenium\webdriver\remote\webdriver.py", line 354, in execute
    self.error_handler.check_response(response)
  File "c:\Users\Puja\.virtualenvs\Flash-wa06wYvm\lib\site-packages\selenium\webdriver\remote\errorhandler.py", line 229, in check_response
    raise exception_class(message, screen, stacktrace)
selenium.common.exceptions.StaleElementReferenceException: Message: stale element reference: stale element not found
  (Session info: chrome=129.0.6668.60); For documentation on this error, please visit: https://www.selenium.dev/documentation/webdriver/troubleshooting/errors#stale-element-reference-exception
Stacktrace:
	GetHandleVerifier [0x00007FF6BE96FDA5+29557]
	(No symbol) [0x00007FF6BE8E2240]
	(No symbol) [0x00007FF6BE79B6EA]
	(No symbol) [0x00007FF6BE7AE1CB]
	(No symbol) [0x00007FF6BE7A2F14]
	(No symbol) [0x00007FF6BE7A0D94]
	(No symbol) [0x00007FF6BE7A4637]
	(No symbol) [0x00007FF6BE7A46F0]
	(No symbol) [0x00007FF6BE7EF58F]
	(No symbol) [0x00007FF6BE7EFC6C]
	(No symbol) [0x00007FF6BE7E313C]
	(No symbol) [0x00007FF6BE81753F]
	(No symbol) [0x00007FF6BE7E3006]
	(No symbol) [0x00007FF6BE817710]
	(No symbol) [0x00007FF6BE8388A3]
	(No symbol) [0x00007FF6BE8172A3]
	(No symbol) [0x00007FF6BE7E12DF]
	(No symbol) [0x00007FF6BE7E2451]
	GetHandleVerifier [0x00007FF6BEC9DCBD+3363469]
	GetHandleVerifier [0x00007FF6BECE9B47+3674391]
	GetHandleVerifier [0x00007FF6BECDEAEB+3629243]
	GetHandleVerifier [0x00007FF6BEA2FC66+815670]
	(No symbol) [0x00007FF6BE8ED6EF]
	(No symbol) [0x00007FF6BE8E92B4]
	(No symbol) [0x00007FF6BE8E9450]
	(No symbol) [0x00007FF6BE8D81FF]
	BaseThreadInitThunk [0x00007FFD4D0B257D+29]
	RtlUserThreadStart [0x00007FFD4F1EAF08+40]

app.bot.x_controller.py auto_follow() ERROR: Error processing a profile: Message: stale element reference: stale element not found
  (Session info: chrome=129.0.6668.60); For documentation on this error, please visit: https://www.selenium.dev/documentation/webdriver/troubleshooting/errors#stale-element-reference-exception
Stacktrace:
	GetHandleVerifier [0x00007FF6BE96FDA5+29557]
	(No symbol) [0x00007FF6BE8E2240]
	(No symbol) [0x00007FF6BE79B6EA]
	(No symbol) [0x00007FF6BE7AE1CB]
	(No symbol) [0x00007FF6BE7A2F14]
	(No symbol) [0x00007FF6BE7A0D94]
	(No symbol) [0x00007FF6BE7A4637]
	(No symbol) [0x00007FF6BE7A46F0]
	(No symbol) [0x00007FF6BE7EF58F]
	(No symbol) [0x00007FF6BE7EFC6C]
	(No symbol) [0x00007FF6BE7E313C]
	(No symbol) [0x00007FF6BE81753F]
	(No symbol) [0x00007FF6BE7E3006]
	(No symbol) [0x00007FF6BE817710]
	(No symbol) [0x00007FF6BE8388A3]
	(No symbol) [0x00007FF6BE8172A3]
	(No symbol) [0x00007FF6BE7E12DF]
	(No symbol) [0x00007FF6BE7E2451]
	GetHandleVerifier [0x00007FF6BEC9DCBD+3363469]
	GetHandleVerifier [0x00007FF6BECE9B47+3674391]
	GetHandleVerifier [0x00007FF6BECDEAEB+3629243]
	GetHandleVerifier [0x00007FF6BEA2FC66+815670]
	(No symbol) [0x00007FF6BE8ED6EF]
	(No symbol) [0x00007FF6BE8E92B4]
	(No symbol) [0x00007FF6BE8E9450]
	(No symbol) [0x00007FF6BE8D81FF]
	BaseThreadInitThunk [0x00007FFD4D0B257D+29]
	RtlUserThreadStart [0x00007FFD4F1EAF08+40]
 10.02.24 19:05:17
Traceback (most recent call last):
  File "c:\Users\Puja\Work\Coding\Python\For Poolsifi\Auto Poster\app\bot\x_controller.py", line 317, in auto_follow
    profile_link = profile.find_element(By.XPATH, './/a[@role="link"]').get_attribute('href')
  File "c:\Users\Puja\.virtualenvs\Flash-wa06wYvm\lib\site-packages\selenium\webdriver\remote\webelement.py", line 417, in find_element
    return self._execute(Command.FIND_CHILD_ELEMENT, {"using": by, "value": value})["value"]
  File "c:\Users\Puja\.virtualenvs\Flash-wa06wYvm\lib\site-packages\selenium\webdriver\remote\webelement.py", line 395, in _execute
    return self._parent.execute(command, params)
  File "c:\Users\Puja\.virtualenvs\Flash-wa06wYvm\lib\site-packages\selenium\webdriver\remote\webdriver.py", line 354, in execute
    self.error_handler.check_response(response)
  File "c:\Users\Puja\.virtualenvs\Flash-wa06wYvm\lib\site-packages\selenium\webdriver\remote\errorhandler.py", line 229, in check_response
    raise exception_class(message, screen, stacktrace)
selenium.common.exceptions.StaleElementReferenceException: Message: stale element reference: stale element not found
  (Session info: chrome=129.0.6668.60); For documentation on this error, please visit: https://www.selenium.dev/documentation/webdriver/troubleshooting/errors#stale-element-reference-exception
Stacktrace:
	GetHandleVerifier [0x00007FF6BE96FDA5+29557]
	(No symbol) [0x00007FF6BE8E2240]
	(No symbol) [0x00007FF6BE79B6EA]
	(No symbol) [0x00007FF6BE7AE1CB]
	(No symbol) [0x00007FF6BE7A2F14]
	(No symbol) [0x00007FF6BE7A0D94]
	(No symbol) [0x00007FF6BE7A4637]
	(No symbol) [0x00007FF6BE7A46F0]
	(No symbol) [0x00007FF6BE7EF58F]
	(No symbol) [0x00007FF6BE7EFC6C]
	(No symbol) [0x00007FF6BE7E313C]
	(No symbol) [0x00007FF6BE81753F]
	(No symbol) [0x00007FF6BE7E3006]
	(No symbol) [0x00007FF6BE817710]
	(No symbol) [0x00007FF6BE8388A3]
	(No symbol) [0x00007FF6BE8172A3]
	(No symbol) [0x00007FF6BE7E12DF]
	(No symbol) [0x00007FF6BE7E2451]
	GetHandleVerifier [0x00007FF6BEC9DCBD+3363469]
	GetHandleVerifier [0x00007FF6BECE9B47+3674391]
	GetHandleVerifier [0x00007FF6BECDEAEB+3629243]
	GetHandleVerifier [0x00007FF6BEA2FC66+815670]
	(No symbol) [0x00007FF6BE8ED6EF]
	(No symbol) [0x00007FF6BE8E92B4]
	(No symbol) [0x00007FF6BE8E9450]
	(No symbol) [0x00007FF6BE8D81FF]
	BaseThreadInitThunk [0x00007FFD4D0B257D+29]
	RtlUserThreadStart [0x00007FFD4F1EAF08+40]

app.bot.x_controller.py auto_follow() ERROR: Error processing a profile: Message: stale element reference: stale element not found
  (Session info: chrome=129.0.6668.60); For documentation on this error, please visit: https://www.selenium.dev/documentation/webdriver/troubleshooting/errors#stale-element-reference-exception
Stacktrace:
	GetHandleVerifier [0x00007FF6BE96FDA5+29557]
	(No symbol) [0x00007FF6BE8E2240]
	(No symbol) [0x00007FF6BE79B6EA]
	(No symbol) [0x00007FF6BE7AE1CB]
	(No symbol) [0x00007FF6BE7A2F14]
	(No symbol) [0x00007FF6BE7A0D94]
	(No symbol) [0x00007FF6BE7A4637]
	(No symbol) [0x00007FF6BE7A46F0]
	(No symbol) [0x00007FF6BE7EF58F]
	(No symbol) [0x00007FF6BE7EFC6C]
	(No symbol) [0x00007FF6BE7E313C]
	(No symbol) [0x00007FF6BE81753F]
	(No symbol) [0x00007FF6BE7E3006]
	(No symbol) [0x00007FF6BE817710]
	(No symbol) [0x00007FF6BE8388A3]
	(No symbol) [0x00007FF6BE8172A3]
	(No symbol) [0x00007FF6BE7E12DF]
	(No symbol) [0x00007FF6BE7E2451]
	GetHandleVerifier [0x00007FF6BEC9DCBD+3363469]
	GetHandleVerifier [0x00007FF6BECE9B47+3674391]
	GetHandleVerifier [0x00007FF6BECDEAEB+3629243]
	GetHandleVerifier [0x00007FF6BEA2FC66+815670]
	(No symbol) [0x00007FF6BE8ED6EF]
	(No symbol) [0x00007FF6BE8E92B4]
	(No symbol) [0x00007FF6BE8E9450]
	(No symbol) [0x00007FF6BE8D81FF]
	BaseThreadInitThunk [0x00007FFD4D0B257D+29]
	RtlUserThreadStart [0x00007FFD4F1EAF08+40]
 10.02.24 19:05:17
Traceback (most recent call last):
  File "c:\Users\Puja\Work\Coding\Python\For Poolsifi\Auto Poster\app\bot\x_controller.py", line 317, in auto_follow
    profile_link = profile.find_element(By.XPATH, './/a[@role="link"]').get_attribute('href')
  File "c:\Users\Puja\.virtualenvs\Flash-wa06wYvm\lib\site-packages\selenium\webdriver\remote\webelement.py", line 417, in find_element
    return self._execute(Command.FIND_CHILD_ELEMENT, {"using": by, "value": value})["value"]
  File "c:\Users\Puja\.virtualenvs\Flash-wa06wYvm\lib\site-packages\selenium\webdriver\remote\webelement.py", line 395, in _execute
    return self._parent.execute(command, params)
  File "c:\Users\Puja\.virtualenvs\Flash-wa06wYvm\lib\site-packages\selenium\webdriver\remote\webdriver.py", line 354, in execute
    self.error_handler.check_response(response)
  File "c:\Users\Puja\.virtualenvs\Flash-wa06wYvm\lib\site-packages\selenium\webdriver\remote\errorhandler.py", line 229, in check_response
    raise exception_class(message, screen, stacktrace)
selenium.common.exceptions.StaleElementReferenceException: Message: stale element reference: stale element not found
  (Session info: chrome=129.0.6668.60); For documentation on this error, please visit: https://www.selenium.dev/documentation/webdriver/troubleshooting/errors#stale-element-reference-exception
Stacktrace:
	GetHandleVerifier [0x00007FF6BE96FDA5+29557]
	(No symbol) [0x00007FF6BE8E2240]
	(No symbol) [0x00007FF6BE79B6EA]
	(No symbol) [0x00007FF6BE7AE1CB]
	(No symbol) [0x00007FF6BE7A2F14]
	(No symbol) [0x00007FF6BE7A0D94]
	(No symbol) [0x00007FF6BE7A4637]
	(No symbol) [0x00007FF6BE7A46F0]
	(No symbol) [0x00007FF6BE7EF58F]
	(No symbol) [0x00007FF6BE7EFC6C]
	(No symbol) [0x00007FF6BE7E313C]
	(No symbol) [0x00007FF6BE81753F]
	(No symbol) [0x00007FF6BE7E3006]
	(No symbol) [0x00007FF6BE817710]
	(No symbol) [0x00007FF6BE8388A3]
	(No symbol) [0x00007FF6BE8172A3]
	(No symbol) [0x00007FF6BE7E12DF]
	(No symbol) [0x00007FF6BE7E2451]
	GetHandleVerifier [0x00007FF6BEC9DCBD+3363469]
	GetHandleVerifier [0x00007FF6BECE9B47+3674391]
	GetHandleVerifier [0x00007FF6BECDEAEB+3629243]
	GetHandleVerifier [0x00007FF6BEA2FC66+815670]
	(No symbol) [0x00007FF6BE8ED6EF]
	(No symbol) [0x00007FF6BE8E92B4]
	(No symbol) [0x00007FF6BE8E9450]
	(No symbol) [0x00007FF6BE8D81FF]
	BaseThreadInitThunk [0x00007FFD4D0B257D+29]
	RtlUserThreadStart [0x00007FFD4F1EAF08+40]

app.bot.x_controller.py auto_follow() ERROR: Error processing a profile: Message: stale element reference: stale element not found
  (Session info: chrome=129.0.6668.60); For documentation on this error, please visit: https://www.selenium.dev/documentation/webdriver/troubleshooting/errors#stale-element-reference-exception
Stacktrace:
	GetHandleVerifier [0x00007FF6BE96FDA5+29557]
	(No symbol) [0x00007FF6BE8E2240]
	(No symbol) [0x00007FF6BE79B6EA]
	(No symbol) [0x00007FF6BE7AE1CB]
	(No symbol) [0x00007FF6BE7A2F14]
	(No symbol) [0x00007FF6BE7A0D94]
	(No symbol) [0x00007FF6BE7A4637]
	(No symbol) [0x00007FF6BE7A46F0]
	(No symbol) [0x00007FF6BE7EF58F]
	(No symbol) [0x00007FF6BE7EFC6C]
	(No symbol) [0x00007FF6BE7E313C]
	(No symbol) [0x00007FF6BE81753F]
	(No symbol) [0x00007FF6BE7E3006]
	(No symbol) [0x00007FF6BE817710]
	(No symbol) [0x00007FF6BE8388A3]
	(No symbol) [0x00007FF6BE8172A3]
	(No symbol) [0x00007FF6BE7E12DF]
	(No symbol) [0x00007FF6BE7E2451]
	GetHandleVerifier [0x00007FF6BEC9DCBD+3363469]
	GetHandleVerifier [0x00007FF6BECE9B47+3674391]
	GetHandleVerifier [0x00007FF6BECDEAEB+3629243]
	GetHandleVerifier [0x00007FF6BEA2FC66+815670]
	(No symbol) [0x00007FF6BE8ED6EF]
	(No symbol) [0x00007FF6BE8E92B4]
	(No symbol) [0x00007FF6BE8E9450]
	(No symbol) [0x00007FF6BE8D81FF]
	BaseThreadInitThunk [0x00007FFD4D0B257D+29]
	RtlUserThreadStart [0x00007FFD4F1EAF08+40]
 10.02.24 19:05:17
Traceback (most recent call last):
  File "c:\Users\Puja\Work\Coding\Python\For Poolsifi\Auto Poster\app\bot\x_controller.py", line 317, in auto_follow
    profile_link = profile.find_element(By.XPATH, './/a[@role="link"]').get_attribute('href')
  File "c:\Users\Puja\.virtualenvs\Flash-wa06wYvm\lib\site-packages\selenium\webdriver\remote\webelement.py", line 417, in find_element
    return self._execute(Command.FIND_CHILD_ELEMENT, {"using": by, "value": value})["value"]
  File "c:\Users\Puja\.virtualenvs\Flash-wa06wYvm\lib\site-packages\selenium\webdriver\remote\webelement.py", line 395, in _execute
    return self._parent.execute(command, params)
  File "c:\Users\Puja\.virtualenvs\Flash-wa06wYvm\lib\site-packages\selenium\webdriver\remote\webdriver.py", line 354, in execute
    self.error_handler.check_response(response)
  File "c:\Users\Puja\.virtualenvs\Flash-wa06wYvm\lib\site-packages\selenium\webdriver\remote\errorhandler.py", line 229, in check_response
    raise exception_class(message, screen, stacktrace)
selenium.common.exceptions.StaleElementReferenceException: Message: stale element reference: stale element not found
  (Session info: chrome=129.0.6668.60); For documentation on this error, please visit: https://www.selenium.dev/documentation/webdriver/troubleshooting/errors#stale-element-reference-exception
Stacktrace:
	GetHandleVerifier [0x00007FF6BE96FDA5+29557]
	(No symbol) [0x00007FF6BE8E2240]
	(No symbol) [0x00007FF6BE79B6EA]
	(No symbol) [0x00007FF6BE7AE1CB]
	(No symbol) [0x00007FF6BE7A2F14]
	(No symbol) [0x00007FF6BE7A0D94]
	(No symbol) [0x00007FF6BE7A4637]
	(No symbol) [0x00007FF6BE7A46F0]
	(No symbol) [0x00007FF6BE7EF58F]
	(No symbol) [0x00007FF6BE7EFC6C]
	(No symbol) [0x00007FF6BE7E313C]
	(No symbol) [0x00007FF6BE81753F]
	(No symbol) [0x00007FF6BE7E3006]
	(No symbol) [0x00007FF6BE817710]
	(No symbol) [0x00007FF6BE8388A3]
	(No symbol) [0x00007FF6BE8172A3]
	(No symbol) [0x00007FF6BE7E12DF]
	(No symbol) [0x00007FF6BE7E2451]
	GetHandleVerifier [0x00007FF6BEC9DCBD+3363469]
	GetHandleVerifier [0x00007FF6BECE9B47+3674391]
	GetHandleVerifier [0x00007FF6BECDEAEB+3629243]
	GetHandleVerifier [0x00007FF6BEA2FC66+815670]
	(No symbol) [0x00007FF6BE8ED6EF]
	(No symbol) [0x00007FF6BE8E92B4]
	(No symbol) [0x00007FF6BE8E9450]
	(No symbol) [0x00007FF6BE8D81FF]
	BaseThreadInitThunk [0x00007FFD4D0B257D+29]
	RtlUserThreadStart [0x00007FFD4F1EAF08+40]

app.bot.x_controller.py auto_follow() ERROR: Error processing a profile: Message: stale element reference: stale element not found
  (Session info: chrome=129.0.6668.60); For documentation on this error, please visit: https://www.selenium.dev/documentation/webdriver/troubleshooting/errors#stale-element-reference-exception
Stacktrace:
	GetHandleVerifier [0x00007FF6BE96FDA5+29557]
	(No symbol) [0x00007FF6BE8E2240]
	(No symbol) [0x00007FF6BE79B6EA]
	(No symbol) [0x00007FF6BE7AE1CB]
	(No symbol) [0x00007FF6BE7A2F14]
	(No symbol) [0x00007FF6BE7A0D94]
	(No symbol) [0x00007FF6BE7A4637]
	(No symbol) [0x00007FF6BE7A46F0]
	(No symbol) [0x00007FF6BE7EF58F]
	(No symbol) [0x00007FF6BE7EFC6C]
	(No symbol) [0x00007FF6BE7E313C]
	(No symbol) [0x00007FF6BE81753F]
	(No symbol) [0x00007FF6BE7E3006]
	(No symbol) [0x00007FF6BE817710]
	(No symbol) [0x00007FF6BE8388A3]
	(No symbol) [0x00007FF6BE8172A3]
	(No symbol) [0x00007FF6BE7E12DF]
	(No symbol) [0x00007FF6BE7E2451]
	GetHandleVerifier [0x00007FF6BEC9DCBD+3363469]
	GetHandleVerifier [0x00007FF6BECE9B47+3674391]
	GetHandleVerifier [0x00007FF6BECDEAEB+3629243]
	GetHandleVerifier [0x00007FF6BEA2FC66+815670]
	(No symbol) [0x00007FF6BE8ED6EF]
	(No symbol) [0x00007FF6BE8E92B4]
	(No symbol) [0x00007FF6BE8E9450]
	(No symbol) [0x00007FF6BE8D81FF]
	BaseThreadInitThunk [0x00007FFD4D0B257D+29]
	RtlUserThreadStart [0x00007FFD4F1EAF08+40]
 10.02.24 19:05:17
Traceback (most recent call last):
  File "c:\Users\Puja\Work\Coding\Python\For Poolsifi\Auto Poster\app\bot\x_controller.py", line 317, in auto_follow
    profile_link = profile.find_element(By.XPATH, './/a[@role="link"]').get_attribute('href')
  File "c:\Users\Puja\.virtualenvs\Flash-wa06wYvm\lib\site-packages\selenium\webdriver\remote\webelement.py", line 417, in find_element
    return self._execute(Command.FIND_CHILD_ELEMENT, {"using": by, "value": value})["value"]
  File "c:\Users\Puja\.virtualenvs\Flash-wa06wYvm\lib\site-packages\selenium\webdriver\remote\webelement.py", line 395, in _execute
    return self._parent.execute(command, params)
  File "c:\Users\Puja\.virtualenvs\Flash-wa06wYvm\lib\site-packages\selenium\webdriver\remote\webdriver.py", line 354, in execute
    self.error_handler.check_response(response)
  File "c:\Users\Puja\.virtualenvs\Flash-wa06wYvm\lib\site-packages\selenium\webdriver\remote\errorhandler.py", line 229, in check_response
    raise exception_class(message, screen, stacktrace)
selenium.common.exceptions.StaleElementReferenceException: Message: stale element reference: stale element not found
  (Session info: chrome=129.0.6668.60); For documentation on this error, please visit: https://www.selenium.dev/documentation/webdriver/troubleshooting/errors#stale-element-reference-exception
Stacktrace:
	GetHandleVerifier [0x00007FF6BE96FDA5+29557]
	(No symbol) [0x00007FF6BE8E2240]
	(No symbol) [0x00007FF6BE79B6EA]
	(No symbol) [0x00007FF6BE7AE1CB]
	(No symbol) [0x00007FF6BE7A2F14]
	(No symbol) [0x00007FF6BE7A0D94]
	(No symbol) [0x00007FF6BE7A4637]
	(No symbol) [0x00007FF6BE7A46F0]
	(No symbol) [0x00007FF6BE7EF58F]
	(No symbol) [0x00007FF6BE7EFC6C]
	(No symbol) [0x00007FF6BE7E313C]
	(No symbol) [0x00007FF6BE81753F]
	(No symbol) [0x00007FF6BE7E3006]
	(No symbol) [0x00007FF6BE817710]
	(No symbol) [0x00007FF6BE8388A3]
	(No symbol) [0x00007FF6BE8172A3]
	(No symbol) [0x00007FF6BE7E12DF]
	(No symbol) [0x00007FF6BE7E2451]
	GetHandleVerifier [0x00007FF6BEC9DCBD+3363469]
	GetHandleVerifier [0x00007FF6BECE9B47+3674391]
	GetHandleVerifier [0x00007FF6BECDEAEB+3629243]
	GetHandleVerifier [0x00007FF6BEA2FC66+815670]
	(No symbol) [0x00007FF6BE8ED6EF]
	(No symbol) [0x00007FF6BE8E92B4]
	(No symbol) [0x00007FF6BE8E9450]
	(No symbol) [0x00007FF6BE8D81FF]
	BaseThreadInitThunk [0x00007FFD4D0B257D+29]
	RtlUserThreadStart [0x00007FFD4F1EAF08+40]

app.bot.x_controller.py auto_follow() ERROR: Error processing a profile: Message: stale element reference: stale element not found
  (Session info: chrome=129.0.6668.60); For documentation on this error, please visit: https://www.selenium.dev/documentation/webdriver/troubleshooting/errors#stale-element-reference-exception
Stacktrace:
	GetHandleVerifier [0x00007FF6BE96FDA5+29557]
	(No symbol) [0x00007FF6BE8E2240]
	(No symbol) [0x00007FF6BE79B6EA]
	(No symbol) [0x00007FF6BE7AE1CB]
	(No symbol) [0x00007FF6BE7A2F14]
	(No symbol) [0x00007FF6BE7A0D94]
	(No symbol) [0x00007FF6BE7A4637]
	(No symbol) [0x00007FF6BE7A46F0]
	(No symbol) [0x00007FF6BE7EF58F]
	(No symbol) [0x00007FF6BE7EFC6C]
	(No symbol) [0x00007FF6BE7E313C]
	(No symbol) [0x00007FF6BE81753F]
	(No symbol) [0x00007FF6BE7E3006]
	(No symbol) [0x00007FF6BE817710]
	(No symbol) [0x00007FF6BE8388A3]
	(No symbol) [0x00007FF6BE8172A3]
	(No symbol) [0x00007FF6BE7E12DF]
	(No symbol) [0x00007FF6BE7E2451]
	GetHandleVerifier [0x00007FF6BEC9DCBD+3363469]
	GetHandleVerifier [0x00007FF6BECE9B47+3674391]
	GetHandleVerifier [0x00007FF6BECDEAEB+3629243]
	GetHandleVerifier [0x00007FF6BEA2FC66+815670]
	(No symbol) [0x00007FF6BE8ED6EF]
	(No symbol) [0x00007FF6BE8E92B4]
	(No symbol) [0x00007FF6BE8E9450]
	(No symbol) [0x00007FF6BE8D81FF]
	BaseThreadInitThunk [0x00007FFD4D0B257D+29]
	RtlUserThreadStart [0x00007FFD4F1EAF08+40]
 10.02.24 19:05:17
Traceback (most recent call last):
  File "c:\Users\Puja\Work\Coding\Python\For Poolsifi\Auto Poster\app\bot\x_controller.py", line 317, in auto_follow
    profile_link = profile.find_element(By.XPATH, './/a[@role="link"]').get_attribute('href')
  File "c:\Users\Puja\.virtualenvs\Flash-wa06wYvm\lib\site-packages\selenium\webdriver\remote\webelement.py", line 417, in find_element
    return self._execute(Command.FIND_CHILD_ELEMENT, {"using": by, "value": value})["value"]
  File "c:\Users\Puja\.virtualenvs\Flash-wa06wYvm\lib\site-packages\selenium\webdriver\remote\webelement.py", line 395, in _execute
    return self._parent.execute(command, params)
  File "c:\Users\Puja\.virtualenvs\Flash-wa06wYvm\lib\site-packages\selenium\webdriver\remote\webdriver.py", line 354, in execute
    self.error_handler.check_response(response)
  File "c:\Users\Puja\.virtualenvs\Flash-wa06wYvm\lib\site-packages\selenium\webdriver\remote\errorhandler.py", line 229, in check_response
    raise exception_class(message, screen, stacktrace)
selenium.common.exceptions.StaleElementReferenceException: Message: stale element reference: stale element not found
  (Session info: chrome=129.0.6668.60); For documentation on this error, please visit: https://www.selenium.dev/documentation/webdriver/troubleshooting/errors#stale-element-reference-exception
Stacktrace:
	GetHandleVerifier [0x00007FF6BE96FDA5+29557]
	(No symbol) [0x00007FF6BE8E2240]
	(No symbol) [0x00007FF6BE79B6EA]
	(No symbol) [0x00007FF6BE7AE1CB]
	(No symbol) [0x00007FF6BE7A2F14]
	(No symbol) [0x00007FF6BE7A0D94]
	(No symbol) [0x00007FF6BE7A4637]
	(No symbol) [0x00007FF6BE7A46F0]
	(No symbol) [0x00007FF6BE7EF58F]
	(No symbol) [0x00007FF6BE7EFC6C]
	(No symbol) [0x00007FF6BE7E313C]
	(No symbol) [0x00007FF6BE81753F]
	(No symbol) [0x00007FF6BE7E3006]
	(No symbol) [0x00007FF6BE817710]
	(No symbol) [0x00007FF6BE8388A3]
	(No symbol) [0x00007FF6BE8172A3]
	(No symbol) [0x00007FF6BE7E12DF]
	(No symbol) [0x00007FF6BE7E2451]
	GetHandleVerifier [0x00007FF6BEC9DCBD+3363469]
	GetHandleVerifier [0x00007FF6BECE9B47+3674391]
	GetHandleVerifier [0x00007FF6BECDEAEB+3629243]
	GetHandleVerifier [0x00007FF6BEA2FC66+815670]
	(No symbol) [0x00007FF6BE8ED6EF]
	(No symbol) [0x00007FF6BE8E92B4]
	(No symbol) [0x00007FF6BE8E9450]
	(No symbol) [0x00007FF6BE8D81FF]
	BaseThreadInitThunk [0x00007FFD4D0B257D+29]
	RtlUserThreadStart [0x00007FFD4F1EAF08+40]

app.bot.x_controller.py auto_follow() ERROR: Error processing a profile: Message: stale element reference: stale element not found
  (Session info: chrome=129.0.6668.60); For documentation on this error, please visit: https://www.selenium.dev/documentation/webdriver/troubleshooting/errors#stale-element-reference-exception
Stacktrace:
	GetHandleVerifier [0x00007FF6BE96FDA5+29557]
	(No symbol) [0x00007FF6BE8E2240]
	(No symbol) [0x00007FF6BE79B6EA]
	(No symbol) [0x00007FF6BE7AE1CB]
	(No symbol) [0x00007FF6BE7A2F14]
	(No symbol) [0x00007FF6BE7A0D94]
	(No symbol) [0x00007FF6BE7A4637]
	(No symbol) [0x00007FF6BE7A46F0]
	(No symbol) [0x00007FF6BE7EF58F]
	(No symbol) [0x00007FF6BE7EFC6C]
	(No symbol) [0x00007FF6BE7E313C]
	(No symbol) [0x00007FF6BE81753F]
	(No symbol) [0x00007FF6BE7E3006]
	(No symbol) [0x00007FF6BE817710]
	(No symbol) [0x00007FF6BE8388A3]
	(No symbol) [0x00007FF6BE8172A3]
	(No symbol) [0x00007FF6BE7E12DF]
	(No symbol) [0x00007FF6BE7E2451]
	GetHandleVerifier [0x00007FF6BEC9DCBD+3363469]
	GetHandleVerifier [0x00007FF6BECE9B47+3674391]
	GetHandleVerifier [0x00007FF6BECDEAEB+3629243]
	GetHandleVerifier [0x00007FF6BEA2FC66+815670]
	(No symbol) [0x00007FF6BE8ED6EF]
	(No symbol) [0x00007FF6BE8E92B4]
	(No symbol) [0x00007FF6BE8E9450]
	(No symbol) [0x00007FF6BE8D81FF]
	BaseThreadInitThunk [0x00007FFD4D0B257D+29]
	RtlUserThreadStart [0x00007FFD4F1EAF08+40]
 10.02.24 19:05:17
Traceback (most recent call last):
  File "c:\Users\Puja\Work\Coding\Python\For Poolsifi\Auto Poster\app\bot\x_controller.py", line 317, in auto_follow
    profile_link = profile.find_element(By.XPATH, './/a[@role="link"]').get_attribute('href')
  File "c:\Users\Puja\.virtualenvs\Flash-wa06wYvm\lib\site-packages\selenium\webdriver\remote\webelement.py", line 417, in find_element
    return self._execute(Command.FIND_CHILD_ELEMENT, {"using": by, "value": value})["value"]
  File "c:\Users\Puja\.virtualenvs\Flash-wa06wYvm\lib\site-packages\selenium\webdriver\remote\webelement.py", line 395, in _execute
    return self._parent.execute(command, params)
  File "c:\Users\Puja\.virtualenvs\Flash-wa06wYvm\lib\site-packages\selenium\webdriver\remote\webdriver.py", line 354, in execute
    self.error_handler.check_response(response)
  File "c:\Users\Puja\.virtualenvs\Flash-wa06wYvm\lib\site-packages\selenium\webdriver\remote\errorhandler.py", line 229, in check_response
    raise exception_class(message, screen, stacktrace)
selenium.common.exceptions.StaleElementReferenceException: Message: stale element reference: stale element not found
  (Session info: chrome=129.0.6668.60); For documentation on this error, please visit: https://www.selenium.dev/documentation/webdriver/troubleshooting/errors#stale-element-reference-exception
Stacktrace:
	GetHandleVerifier [0x00007FF6BE96FDA5+29557]
	(No symbol) [0x00007FF6BE8E2240]
	(No symbol) [0x00007FF6BE79B6EA]
	(No symbol) [0x00007FF6BE7AE1CB]
	(No symbol) [0x00007FF6BE7A2F14]
	(No symbol) [0x00007FF6BE7A0D94]
	(No symbol) [0x00007FF6BE7A4637]
	(No symbol) [0x00007FF6BE7A46F0]
	(No symbol) [0x00007FF6BE7EF58F]
	(No symbol) [0x00007FF6BE7EFC6C]
	(No symbol) [0x00007FF6BE7E313C]
	(No symbol) [0x00007FF6BE81753F]
	(No symbol) [0x00007FF6BE7E3006]
	(No symbol) [0x00007FF6BE817710]
	(No symbol) [0x00007FF6BE8388A3]
	(No symbol) [0x00007FF6BE8172A3]
	(No symbol) [0x00007FF6BE7E12DF]
	(No symbol) [0x00007FF6BE7E2451]
	GetHandleVerifier [0x00007FF6BEC9DCBD+3363469]
	GetHandleVerifier [0x00007FF6BECE9B47+3674391]
	GetHandleVerifier [0x00007FF6BECDEAEB+3629243]
	GetHandleVerifier [0x00007FF6BEA2FC66+815670]
	(No symbol) [0x00007FF6BE8ED6EF]
	(No symbol) [0x00007FF6BE8E92B4]
	(No symbol) [0x00007FF6BE8E9450]
	(No symbol) [0x00007FF6BE8D81FF]
	BaseThreadInitThunk [0x00007FFD4D0B257D+29]
	RtlUserThreadStart [0x00007FFD4F1EAF08+40]

app.bot.x_controller.py auto_follow() ERROR: Error processing a profile: Message: stale element reference: stale element not found
  (Session info: chrome=129.0.6668.60); For documentation on this error, please visit: https://www.selenium.dev/documentation/webdriver/troubleshooting/errors#stale-element-reference-exception
Stacktrace:
	GetHandleVerifier [0x00007FF6BE96FDA5+29557]
	(No symbol) [0x00007FF6BE8E2240]
	(No symbol) [0x00007FF6BE79B6EA]
	(No symbol) [0x00007FF6BE7AE1CB]
	(No symbol) [0x00007FF6BE7A2F14]
	(No symbol) [0x00007FF6BE7A0D94]
	(No symbol) [0x00007FF6BE7A4637]
	(No symbol) [0x00007FF6BE7A46F0]
	(No symbol) [0x00007FF6BE7EF58F]
	(No symbol) [0x00007FF6BE7EFC6C]
	(No symbol) [0x00007FF6BE7E313C]
	(No symbol) [0x00007FF6BE81753F]
	(No symbol) [0x00007FF6BE7E3006]
	(No symbol) [0x00007FF6BE817710]
	(No symbol) [0x00007FF6BE8388A3]
	(No symbol) [0x00007FF6BE8172A3]
	(No symbol) [0x00007FF6BE7E12DF]
	(No symbol) [0x00007FF6BE7E2451]
	GetHandleVerifier [0x00007FF6BEC9DCBD+3363469]
	GetHandleVerifier [0x00007FF6BECE9B47+3674391]
	GetHandleVerifier [0x00007FF6BECDEAEB+3629243]
	GetHandleVerifier [0x00007FF6BEA2FC66+815670]
	(No symbol) [0x00007FF6BE8ED6EF]
	(No symbol) [0x00007FF6BE8E92B4]
	(No symbol) [0x00007FF6BE8E9450]
	(No symbol) [0x00007FF6BE8D81FF]
	BaseThreadInitThunk [0x00007FFD4D0B257D+29]
	RtlUserThreadStart [0x00007FFD4F1EAF08+40]
 10.02.24 19:05:17
Traceback (most recent call last):
  File "c:\Users\Puja\Work\Coding\Python\For Poolsifi\Auto Poster\app\bot\x_controller.py", line 317, in auto_follow
    profile_link = profile.find_element(By.XPATH, './/a[@role="link"]').get_attribute('href')
  File "c:\Users\Puja\.virtualenvs\Flash-wa06wYvm\lib\site-packages\selenium\webdriver\remote\webelement.py", line 417, in find_element
    return self._execute(Command.FIND_CHILD_ELEMENT, {"using": by, "value": value})["value"]
  File "c:\Users\Puja\.virtualenvs\Flash-wa06wYvm\lib\site-packages\selenium\webdriver\remote\webelement.py", line 395, in _execute
    return self._parent.execute(command, params)
  File "c:\Users\Puja\.virtualenvs\Flash-wa06wYvm\lib\site-packages\selenium\webdriver\remote\webdriver.py", line 354, in execute
    self.error_handler.check_response(response)
  File "c:\Users\Puja\.virtualenvs\Flash-wa06wYvm\lib\site-packages\selenium\webdriver\remote\errorhandler.py", line 229, in check_response
    raise exception_class(message, screen, stacktrace)
selenium.common.exceptions.StaleElementReferenceException: Message: stale element reference: stale element not found
  (Session info: chrome=129.0.6668.60); For documentation on this error, please visit: https://www.selenium.dev/documentation/webdriver/troubleshooting/errors#stale-element-reference-exception
Stacktrace:
	GetHandleVerifier [0x00007FF6BE96FDA5+29557]
	(No symbol) [0x00007FF6BE8E2240]
	(No symbol) [0x00007FF6BE79B6EA]
	(No symbol) [0x00007FF6BE7AE1CB]
	(No symbol) [0x00007FF6BE7A2F14]
	(No symbol) [0x00007FF6BE7A0D94]
	(No symbol) [0x00007FF6BE7A4637]
	(No symbol) [0x00007FF6BE7A46F0]
	(No symbol) [0x00007FF6BE7EF58F]
	(No symbol) [0x00007FF6BE7EFC6C]
	(No symbol) [0x00007FF6BE7E313C]
	(No symbol) [0x00007FF6BE81753F]
	(No symbol) [0x00007FF6BE7E3006]
	(No symbol) [0x00007FF6BE817710]
	(No symbol) [0x00007FF6BE8388A3]
	(No symbol) [0x00007FF6BE8172A3]
	(No symbol) [0x00007FF6BE7E12DF]
	(No symbol) [0x00007FF6BE7E2451]
	GetHandleVerifier [0x00007FF6BEC9DCBD+3363469]
	GetHandleVerifier [0x00007FF6BECE9B47+3674391]
	GetHandleVerifier [0x00007FF6BECDEAEB+3629243]
	GetHandleVerifier [0x00007FF6BEA2FC66+815670]
	(No symbol) [0x00007FF6BE8ED6EF]
	(No symbol) [0x00007FF6BE8E92B4]
	(No symbol) [0x00007FF6BE8E9450]
	(No symbol) [0x00007FF6BE8D81FF]
	BaseThreadInitThunk [0x00007FFD4D0B257D+29]
	RtlUserThreadStart [0x00007FFD4F1EAF08+40]

app.bot.x_controller.py auto_follow() ERROR: Error processing a profile: Message: stale element reference: stale element not found
  (Session info: chrome=129.0.6668.60); For documentation on this error, please visit: https://www.selenium.dev/documentation/webdriver/troubleshooting/errors#stale-element-reference-exception
Stacktrace:
	GetHandleVerifier [0x00007FF6BE96FDA5+29557]
	(No symbol) [0x00007FF6BE8E2240]
	(No symbol) [0x00007FF6BE79B6EA]
	(No symbol) [0x00007FF6BE7AE1CB]
	(No symbol) [0x00007FF6BE7A2F14]
	(No symbol) [0x00007FF6BE7A0D94]
	(No symbol) [0x00007FF6BE7A4637]
	(No symbol) [0x00007FF6BE7A46F0]
	(No symbol) [0x00007FF6BE7EF58F]
	(No symbol) [0x00007FF6BE7EFC6C]
	(No symbol) [0x00007FF6BE7E313C]
	(No symbol) [0x00007FF6BE81753F]
	(No symbol) [0x00007FF6BE7E3006]
	(No symbol) [0x00007FF6BE817710]
	(No symbol) [0x00007FF6BE8388A3]
	(No symbol) [0x00007FF6BE8172A3]
	(No symbol) [0x00007FF6BE7E12DF]
	(No symbol) [0x00007FF6BE7E2451]
	GetHandleVerifier [0x00007FF6BEC9DCBD+3363469]
	GetHandleVerifier [0x00007FF6BECE9B47+3674391]
	GetHandleVerifier [0x00007FF6BECDEAEB+3629243]
	GetHandleVerifier [0x00007FF6BEA2FC66+815670]
	(No symbol) [0x00007FF6BE8ED6EF]
	(No symbol) [0x00007FF6BE8E92B4]
	(No symbol) [0x00007FF6BE8E9450]
	(No symbol) [0x00007FF6BE8D81FF]
	BaseThreadInitThunk [0x00007FFD4D0B257D+29]
	RtlUserThreadStart [0x00007FFD4F1EAF08+40]
 10.02.24 19:05:17
Traceback (most recent call last):
  File "c:\Users\Puja\Work\Coding\Python\For Poolsifi\Auto Poster\app\bot\x_controller.py", line 317, in auto_follow
    profile_link = profile.find_element(By.XPATH, './/a[@role="link"]').get_attribute('href')
  File "c:\Users\Puja\.virtualenvs\Flash-wa06wYvm\lib\site-packages\selenium\webdriver\remote\webelement.py", line 417, in find_element
    return self._execute(Command.FIND_CHILD_ELEMENT, {"using": by, "value": value})["value"]
  File "c:\Users\Puja\.virtualenvs\Flash-wa06wYvm\lib\site-packages\selenium\webdriver\remote\webelement.py", line 395, in _execute
    return self._parent.execute(command, params)
  File "c:\Users\Puja\.virtualenvs\Flash-wa06wYvm\lib\site-packages\selenium\webdriver\remote\webdriver.py", line 354, in execute
    self.error_handler.check_response(response)
  File "c:\Users\Puja\.virtualenvs\Flash-wa06wYvm\lib\site-packages\selenium\webdriver\remote\errorhandler.py", line 229, in check_response
    raise exception_class(message, screen, stacktrace)
selenium.common.exceptions.StaleElementReferenceException: Message: stale element reference: stale element not found
  (Session info: chrome=129.0.6668.60); For documentation on this error, please visit: https://www.selenium.dev/documentation/webdriver/troubleshooting/errors#stale-element-reference-exception
Stacktrace:
	GetHandleVerifier [0x00007FF6BE96FDA5+29557]
	(No symbol) [0x00007FF6BE8E2240]
	(No symbol) [0x00007FF6BE79B6EA]
	(No symbol) [0x00007FF6BE7AE1CB]
	(No symbol) [0x00007FF6BE7A2F14]
	(No symbol) [0x00007FF6BE7A0D94]
	(No symbol) [0x00007FF6BE7A4637]
	(No symbol) [0x00007FF6BE7A46F0]
	(No symbol) [0x00007FF6BE7EF58F]
	(No symbol) [0x00007FF6BE7EFC6C]
	(No symbol) [0x00007FF6BE7E313C]
	(No symbol) [0x00007FF6BE81753F]
	(No symbol) [0x00007FF6BE7E3006]
	(No symbol) [0x00007FF6BE817710]
	(No symbol) [0x00007FF6BE8388A3]
	(No symbol) [0x00007FF6BE8172A3]
	(No symbol) [0x00007FF6BE7E12DF]
	(No symbol) [0x00007FF6BE7E2451]
	GetHandleVerifier [0x00007FF6BEC9DCBD+3363469]
	GetHandleVerifier [0x00007FF6BECE9B47+3674391]
	GetHandleVerifier [0x00007FF6BECDEAEB+3629243]
	GetHandleVerifier [0x00007FF6BEA2FC66+815670]
	(No symbol) [0x00007FF6BE8ED6EF]
	(No symbol) [0x00007FF6BE8E92B4]
	(No symbol) [0x00007FF6BE8E9450]
	(No symbol) [0x00007FF6BE8D81FF]
	BaseThreadInitThunk [0x00007FFD4D0B257D+29]
	RtlUserThreadStart [0x00007FFD4F1EAF08+40]

app.bot.x_controller.py auto_follow() ERROR: Error processing a profile: Message: stale element reference: stale element not found
  (Session info: chrome=129.0.6668.60); For documentation on this error, please visit: https://www.selenium.dev/documentation/webdriver/troubleshooting/errors#stale-element-reference-exception
Stacktrace:
	GetHandleVerifier [0x00007FF6BE96FDA5+29557]
	(No symbol) [0x00007FF6BE8E2240]
	(No symbol) [0x00007FF6BE79B6EA]
	(No symbol) [0x00007FF6BE7AE1CB]
	(No symbol) [0x00007FF6BE7A2F14]
	(No symbol) [0x00007FF6BE7A0D94]
	(No symbol) [0x00007FF6BE7A4637]
	(No symbol) [0x00007FF6BE7A46F0]
	(No symbol) [0x00007FF6BE7EF58F]
	(No symbol) [0x00007FF6BE7EFC6C]
	(No symbol) [0x00007FF6BE7E313C]
	(No symbol) [0x00007FF6BE81753F]
	(No symbol) [0x00007FF6BE7E3006]
	(No symbol) [0x00007FF6BE817710]
	(No symbol) [0x00007FF6BE8388A3]
	(No symbol) [0x00007FF6BE8172A3]
	(No symbol) [0x00007FF6BE7E12DF]
	(No symbol) [0x00007FF6BE7E2451]
	GetHandleVerifier [0x00007FF6BEC9DCBD+3363469]
	GetHandleVerifier [0x00007FF6BECE9B47+3674391]
	GetHandleVerifier [0x00007FF6BECDEAEB+3629243]
	GetHandleVerifier [0x00007FF6BEA2FC66+815670]
	(No symbol) [0x00007FF6BE8ED6EF]
	(No symbol) [0x00007FF6BE8E92B4]
	(No symbol) [0x00007FF6BE8E9450]
	(No symbol) [0x00007FF6BE8D81FF]
	BaseThreadInitThunk [0x00007FFD4D0B257D+29]
	RtlUserThreadStart [0x00007FFD4F1EAF08+40]
 10.02.24 19:05:17
Traceback (most recent call last):
  File "c:\Users\Puja\Work\Coding\Python\For Poolsifi\Auto Poster\app\bot\x_controller.py", line 317, in auto_follow
    profile_link = profile.find_element(By.XPATH, './/a[@role="link"]').get_attribute('href')
  File "c:\Users\Puja\.virtualenvs\Flash-wa06wYvm\lib\site-packages\selenium\webdriver\remote\webelement.py", line 417, in find_element
    return self._execute(Command.FIND_CHILD_ELEMENT, {"using": by, "value": value})["value"]
  File "c:\Users\Puja\.virtualenvs\Flash-wa06wYvm\lib\site-packages\selenium\webdriver\remote\webelement.py", line 395, in _execute
    return self._parent.execute(command, params)
  File "c:\Users\Puja\.virtualenvs\Flash-wa06wYvm\lib\site-packages\selenium\webdriver\remote\webdriver.py", line 354, in execute
    self.error_handler.check_response(response)
  File "c:\Users\Puja\.virtualenvs\Flash-wa06wYvm\lib\site-packages\selenium\webdriver\remote\errorhandler.py", line 229, in check_response
    raise exception_class(message, screen, stacktrace)
selenium.common.exceptions.StaleElementReferenceException: Message: stale element reference: stale element not found
  (Session info: chrome=129.0.6668.60); For documentation on this error, please visit: https://www.selenium.dev/documentation/webdriver/troubleshooting/errors#stale-element-reference-exception
Stacktrace:
	GetHandleVerifier [0x00007FF6BE96FDA5+29557]
	(No symbol) [0x00007FF6BE8E2240]
	(No symbol) [0x00007FF6BE79B6EA]
	(No symbol) [0x00007FF6BE7AE1CB]
	(No symbol) [0x00007FF6BE7A2F14]
	(No symbol) [0x00007FF6BE7A0D94]
	(No symbol) [0x00007FF6BE7A4637]
	(No symbol) [0x00007FF6BE7A46F0]
	(No symbol) [0x00007FF6BE7EF58F]
	(No symbol) [0x00007FF6BE7EFC6C]
	(No symbol) [0x00007FF6BE7E313C]
	(No symbol) [0x00007FF6BE81753F]
	(No symbol) [0x00007FF6BE7E3006]
	(No symbol) [0x00007FF6BE817710]
	(No symbol) [0x00007FF6BE8388A3]
	(No symbol) [0x00007FF6BE8172A3]
	(No symbol) [0x00007FF6BE7E12DF]
	(No symbol) [0x00007FF6BE7E2451]
	GetHandleVerifier [0x00007FF6BEC9DCBD+3363469]
	GetHandleVerifier [0x00007FF6BECE9B47+3674391]
	GetHandleVerifier [0x00007FF6BECDEAEB+3629243]
	GetHandleVerifier [0x00007FF6BEA2FC66+815670]
	(No symbol) [0x00007FF6BE8ED6EF]
	(No symbol) [0x00007FF6BE8E92B4]
	(No symbol) [0x00007FF6BE8E9450]
	(No symbol) [0x00007FF6BE8D81FF]
	BaseThreadInitThunk [0x00007FFD4D0B257D+29]
	RtlUserThreadStart [0x00007FFD4F1EAF08+40]

app.bot.x_controller.py auto_follow() ERROR: Error processing a profile: Message: stale element reference: stale element not found
  (Session info: chrome=129.0.6668.60); For documentation on this error, please visit: https://www.selenium.dev/documentation/webdriver/troubleshooting/errors#stale-element-reference-exception
Stacktrace:
	GetHandleVerifier [0x00007FF6BE96FDA5+29557]
	(No symbol) [0x00007FF6BE8E2240]
	(No symbol) [0x00007FF6BE79B6EA]
	(No symbol) [0x00007FF6BE7AE1CB]
	(No symbol) [0x00007FF6BE7A2F14]
	(No symbol) [0x00007FF6BE7A0D94]
	(No symbol) [0x00007FF6BE7A4637]
	(No symbol) [0x00007FF6BE7A46F0]
	(No symbol) [0x00007FF6BE7EF58F]
	(No symbol) [0x00007FF6BE7EFC6C]
	(No symbol) [0x00007FF6BE7E313C]
	(No symbol) [0x00007FF6BE81753F]
	(No symbol) [0x00007FF6BE7E3006]
	(No symbol) [0x00007FF6BE817710]
	(No symbol) [0x00007FF6BE8388A3]
	(No symbol) [0x00007FF6BE8172A3]
	(No symbol) [0x00007FF6BE7E12DF]
	(No symbol) [0x00007FF6BE7E2451]
	GetHandleVerifier [0x00007FF6BEC9DCBD+3363469]
	GetHandleVerifier [0x00007FF6BECE9B47+3674391]
	GetHandleVerifier [0x00007FF6BECDEAEB+3629243]
	GetHandleVerifier [0x00007FF6BEA2FC66+815670]
	(No symbol) [0x00007FF6BE8ED6EF]
	(No symbol) [0x00007FF6BE8E92B4]
	(No symbol) [0x00007FF6BE8E9450]
	(No symbol) [0x00007FF6BE8D81FF]
	BaseThreadInitThunk [0x00007FFD4D0B257D+29]
	RtlUserThreadStart [0x00007FFD4F1EAF08+40]
 10.02.24 19:05:17
Traceback (most recent call last):
  File "c:\Users\Puja\Work\Coding\Python\For Poolsifi\Auto Poster\app\bot\x_controller.py", line 317, in auto_follow
    profile_link = profile.find_element(By.XPATH, './/a[@role="link"]').get_attribute('href')
  File "c:\Users\Puja\.virtualenvs\Flash-wa06wYvm\lib\site-packages\selenium\webdriver\remote\webelement.py", line 417, in find_element
    return self._execute(Command.FIND_CHILD_ELEMENT, {"using": by, "value": value})["value"]
  File "c:\Users\Puja\.virtualenvs\Flash-wa06wYvm\lib\site-packages\selenium\webdriver\remote\webelement.py", line 395, in _execute
    return self._parent.execute(command, params)
  File "c:\Users\Puja\.virtualenvs\Flash-wa06wYvm\lib\site-packages\selenium\webdriver\remote\webdriver.py", line 354, in execute
    self.error_handler.check_response(response)
  File "c:\Users\Puja\.virtualenvs\Flash-wa06wYvm\lib\site-packages\selenium\webdriver\remote\errorhandler.py", line 229, in check_response
    raise exception_class(message, screen, stacktrace)
selenium.common.exceptions.StaleElementReferenceException: Message: stale element reference: stale element not found
  (Session info: chrome=129.0.6668.60); For documentation on this error, please visit: https://www.selenium.dev/documentation/webdriver/troubleshooting/errors#stale-element-reference-exception
Stacktrace:
	GetHandleVerifier [0x00007FF6BE96FDA5+29557]
	(No symbol) [0x00007FF6BE8E2240]
	(No symbol) [0x00007FF6BE79B6EA]
	(No symbol) [0x00007FF6BE7AE1CB]
	(No symbol) [0x00007FF6BE7A2F14]
	(No symbol) [0x00007FF6BE7A0D94]
	(No symbol) [0x00007FF6BE7A4637]
	(No symbol) [0x00007FF6BE7A46F0]
	(No symbol) [0x00007FF6BE7EF58F]
	(No symbol) [0x00007FF6BE7EFC6C]
	(No symbol) [0x00007FF6BE7E313C]
	(No symbol) [0x00007FF6BE81753F]
	(No symbol) [0x00007FF6BE7E3006]
	(No symbol) [0x00007FF6BE817710]
	(No symbol) [0x00007FF6BE8388A3]
	(No symbol) [0x00007FF6BE8172A3]
	(No symbol) [0x00007FF6BE7E12DF]
	(No symbol) [0x00007FF6BE7E2451]
	GetHandleVerifier [0x00007FF6BEC9DCBD+3363469]
	GetHandleVerifier [0x00007FF6BECE9B47+3674391]
	GetHandleVerifier [0x00007FF6BECDEAEB+3629243]
	GetHandleVerifier [0x00007FF6BEA2FC66+815670]
	(No symbol) [0x00007FF6BE8ED6EF]
	(No symbol) [0x00007FF6BE8E92B4]
	(No symbol) [0x00007FF6BE8E9450]
	(No symbol) [0x00007FF6BE8D81FF]
	BaseThreadInitThunk [0x00007FFD4D0B257D+29]
	RtlUserThreadStart [0x00007FFD4F1EAF08+40]

app.bot.x_controller.py auto_follow() ERROR: Error processing a profile: Message: stale element reference: stale element not found
  (Session info: chrome=129.0.6668.60); For documentation on this error, please visit: https://www.selenium.dev/documentation/webdriver/troubleshooting/errors#stale-element-reference-exception
Stacktrace:
	GetHandleVerifier [0x00007FF6BE96FDA5+29557]
	(No symbol) [0x00007FF6BE8E2240]
	(No symbol) [0x00007FF6BE79B6EA]
	(No symbol) [0x00007FF6BE7AE1CB]
	(No symbol) [0x00007FF6BE7A2F14]
	(No symbol) [0x00007FF6BE7A0D94]
	(No symbol) [0x00007FF6BE7A4637]
	(No symbol) [0x00007FF6BE7A46F0]
	(No symbol) [0x00007FF6BE7EF58F]
	(No symbol) [0x00007FF6BE7EFC6C]
	(No symbol) [0x00007FF6BE7E313C]
	(No symbol) [0x00007FF6BE81753F]
	(No symbol) [0x00007FF6BE7E3006]
	(No symbol) [0x00007FF6BE817710]
	(No symbol) [0x00007FF6BE8388A3]
	(No symbol) [0x00007FF6BE8172A3]
	(No symbol) [0x00007FF6BE7E12DF]
	(No symbol) [0x00007FF6BE7E2451]
	GetHandleVerifier [0x00007FF6BEC9DCBD+3363469]
	GetHandleVerifier [0x00007FF6BECE9B47+3674391]
	GetHandleVerifier [0x00007FF6BECDEAEB+3629243]
	GetHandleVerifier [0x00007FF6BEA2FC66+815670]
	(No symbol) [0x00007FF6BE8ED6EF]
	(No symbol) [0x00007FF6BE8E92B4]
	(No symbol) [0x00007FF6BE8E9450]
	(No symbol) [0x00007FF6BE8D81FF]
	BaseThreadInitThunk [0x00007FFD4D0B257D+29]
	RtlUserThreadStart [0x00007FFD4F1EAF08+40]
 10.02.24 19:05:17
Traceback (most recent call last):
  File "c:\Users\Puja\Work\Coding\Python\For Poolsifi\Auto Poster\app\bot\x_controller.py", line 317, in auto_follow
    profile_link = profile.find_element(By.XPATH, './/a[@role="link"]').get_attribute('href')
  File "c:\Users\Puja\.virtualenvs\Flash-wa06wYvm\lib\site-packages\selenium\webdriver\remote\webelement.py", line 417, in find_element
    return self._execute(Command.FIND_CHILD_ELEMENT, {"using": by, "value": value})["value"]
  File "c:\Users\Puja\.virtualenvs\Flash-wa06wYvm\lib\site-packages\selenium\webdriver\remote\webelement.py", line 395, in _execute
    return self._parent.execute(command, params)
  File "c:\Users\Puja\.virtualenvs\Flash-wa06wYvm\lib\site-packages\selenium\webdriver\remote\webdriver.py", line 354, in execute
    self.error_handler.check_response(response)
  File "c:\Users\Puja\.virtualenvs\Flash-wa06wYvm\lib\site-packages\selenium\webdriver\remote\errorhandler.py", line 229, in check_response
    raise exception_class(message, screen, stacktrace)
selenium.common.exceptions.StaleElementReferenceException: Message: stale element reference: stale element not found
  (Session info: chrome=129.0.6668.60); For documentation on this error, please visit: https://www.selenium.dev/documentation/webdriver/troubleshooting/errors#stale-element-reference-exception
Stacktrace:
	GetHandleVerifier [0x00007FF6BE96FDA5+29557]
	(No symbol) [0x00007FF6BE8E2240]
	(No symbol) [0x00007FF6BE79B6EA]
	(No symbol) [0x00007FF6BE7AE1CB]
	(No symbol) [0x00007FF6BE7A2F14]
	(No symbol) [0x00007FF6BE7A0D94]
	(No symbol) [0x00007FF6BE7A4637]
	(No symbol) [0x00007FF6BE7A46F0]
	(No symbol) [0x00007FF6BE7EF58F]
	(No symbol) [0x00007FF6BE7EFC6C]
	(No symbol) [0x00007FF6BE7E313C]
	(No symbol) [0x00007FF6BE81753F]
	(No symbol) [0x00007FF6BE7E3006]
	(No symbol) [0x00007FF6BE817710]
	(No symbol) [0x00007FF6BE8388A3]
	(No symbol) [0x00007FF6BE8172A3]
	(No symbol) [0x00007FF6BE7E12DF]
	(No symbol) [0x00007FF6BE7E2451]
	GetHandleVerifier [0x00007FF6BEC9DCBD+3363469]
	GetHandleVerifier [0x00007FF6BECE9B47+3674391]
	GetHandleVerifier [0x00007FF6BECDEAEB+3629243]
	GetHandleVerifier [0x00007FF6BEA2FC66+815670]
	(No symbol) [0x00007FF6BE8ED6EF]
	(No symbol) [0x00007FF6BE8E92B4]
	(No symbol) [0x00007FF6BE8E9450]
	(No symbol) [0x00007FF6BE8D81FF]
	BaseThreadInitThunk [0x00007FFD4D0B257D+29]
	RtlUserThreadStart [0x00007FFD4F1EAF08+40]

app.bot.x_controller.py auto_follow() ERROR: Error processing a profile: Message: stale element reference: stale element not found
  (Session info: chrome=129.0.6668.60); For documentation on this error, please visit: https://www.selenium.dev/documentation/webdriver/troubleshooting/errors#stale-element-reference-exception
Stacktrace:
	GetHandleVerifier [0x00007FF6BE96FDA5+29557]
	(No symbol) [0x00007FF6BE8E2240]
	(No symbol) [0x00007FF6BE79B6EA]
	(No symbol) [0x00007FF6BE7AE1CB]
	(No symbol) [0x00007FF6BE7A2F14]
	(No symbol) [0x00007FF6BE7A0D94]
	(No symbol) [0x00007FF6BE7A4637]
	(No symbol) [0x00007FF6BE7A46F0]
	(No symbol) [0x00007FF6BE7EF58F]
	(No symbol) [0x00007FF6BE7EFC6C]
	(No symbol) [0x00007FF6BE7E313C]
	(No symbol) [0x00007FF6BE81753F]
	(No symbol) [0x00007FF6BE7E3006]
	(No symbol) [0x00007FF6BE817710]
	(No symbol) [0x00007FF6BE8388A3]
	(No symbol) [0x00007FF6BE8172A3]
	(No symbol) [0x00007FF6BE7E12DF]
	(No symbol) [0x00007FF6BE7E2451]
	GetHandleVerifier [0x00007FF6BEC9DCBD+3363469]
	GetHandleVerifier [0x00007FF6BECE9B47+3674391]
	GetHandleVerifier [0x00007FF6BECDEAEB+3629243]
	GetHandleVerifier [0x00007FF6BEA2FC66+815670]
	(No symbol) [0x00007FF6BE8ED6EF]
	(No symbol) [0x00007FF6BE8E92B4]
	(No symbol) [0x00007FF6BE8E9450]
	(No symbol) [0x00007FF6BE8D81FF]
	BaseThreadInitThunk [0x00007FFD4D0B257D+29]
	RtlUserThreadStart [0x00007FFD4F1EAF08+40]
 10.02.24 19:05:17
Traceback (most recent call last):
  File "c:\Users\Puja\Work\Coding\Python\For Poolsifi\Auto Poster\app\bot\x_controller.py", line 317, in auto_follow
    profile_link = profile.find_element(By.XPATH, './/a[@role="link"]').get_attribute('href')
  File "c:\Users\Puja\.virtualenvs\Flash-wa06wYvm\lib\site-packages\selenium\webdriver\remote\webelement.py", line 417, in find_element
    return self._execute(Command.FIND_CHILD_ELEMENT, {"using": by, "value": value})["value"]
  File "c:\Users\Puja\.virtualenvs\Flash-wa06wYvm\lib\site-packages\selenium\webdriver\remote\webelement.py", line 395, in _execute
    return self._parent.execute(command, params)
  File "c:\Users\Puja\.virtualenvs\Flash-wa06wYvm\lib\site-packages\selenium\webdriver\remote\webdriver.py", line 354, in execute
    self.error_handler.check_response(response)
  File "c:\Users\Puja\.virtualenvs\Flash-wa06wYvm\lib\site-packages\selenium\webdriver\remote\errorhandler.py", line 229, in check_response
    raise exception_class(message, screen, stacktrace)
selenium.common.exceptions.StaleElementReferenceException: Message: stale element reference: stale element not found
  (Session info: chrome=129.0.6668.60); For documentation on this error, please visit: https://www.selenium.dev/documentation/webdriver/troubleshooting/errors#stale-element-reference-exception
Stacktrace:
	GetHandleVerifier [0x00007FF6BE96FDA5+29557]
	(No symbol) [0x00007FF6BE8E2240]
	(No symbol) [0x00007FF6BE79B6EA]
	(No symbol) [0x00007FF6BE7AE1CB]
	(No symbol) [0x00007FF6BE7A2F14]
	(No symbol) [0x00007FF6BE7A0D94]
	(No symbol) [0x00007FF6BE7A4637]
	(No symbol) [0x00007FF6BE7A46F0]
	(No symbol) [0x00007FF6BE7EF58F]
	(No symbol) [0x00007FF6BE7EFC6C]
	(No symbol) [0x00007FF6BE7E313C]
	(No symbol) [0x00007FF6BE81753F]
	(No symbol) [0x00007FF6BE7E3006]
	(No symbol) [0x00007FF6BE817710]
	(No symbol) [0x00007FF6BE8388A3]
	(No symbol) [0x00007FF6BE8172A3]
	(No symbol) [0x00007FF6BE7E12DF]
	(No symbol) [0x00007FF6BE7E2451]
	GetHandleVerifier [0x00007FF6BEC9DCBD+3363469]
	GetHandleVerifier [0x00007FF6BECE9B47+3674391]
	GetHandleVerifier [0x00007FF6BECDEAEB+3629243]
	GetHandleVerifier [0x00007FF6BEA2FC66+815670]
	(No symbol) [0x00007FF6BE8ED6EF]
	(No symbol) [0x00007FF6BE8E92B4]
	(No symbol) [0x00007FF6BE8E9450]
	(No symbol) [0x00007FF6BE8D81FF]
	BaseThreadInitThunk [0x00007FFD4D0B257D+29]
	RtlUserThreadStart [0x00007FFD4F1EAF08+40]

app.bot.x_controller.py auto_follow() INFO: Reached the end of the page or no new profiles loaded. 10.02.24 19:05:19
app.bot.x_controller.py auto_follow() INFO: auto-follow process complete. Followed 3 profiles. 10.02.24 19:05:19
app.bot.auto_follow.py follow_batch() INFO: Followed 3 users. Total followed in this time span: 3/134 10.02.24 19:05:20
app.bot.auto_follow.py follow_batch() INFO: Starting follow batch of 12 users. 10.02.24 19:15:53
app.bot.auto_follow.py open_connect_page() INFO: Opened the connect page. 10.02.24 19:15:54
app.bot.x_controller.py auto_follow() INFO: "You are unable to follow more people" snackbar displayed on X. Stopping auto-follow process 10.02.24 19:15:58
app.bot.auto_follow.py follow_batch() INFO: Followed 3 users. Total followed in this time span: 6/134 10.02.24 19:16:25
app.bot.auto_follow.py follow_batch() INFO: Starting follow batch of 12 users. 10.02.24 19:27:04
app.bot.auto_follow.py open_connect_page() INFO: Opened the connect page. 10.02.24 19:27:05
app.bot.x_controller.py auto_follow() INFO: "You are unable to follow more people" snackbar displayed on X. Stopping auto-follow process 10.02.24 19:27:09
app.bot.auto_follow.py follow_batch() INFO: Followed 3 users. Total followed in this time span: 9/134 10.02.24 19:40:49
app.bot.auto_follow.py follow_batch() INFO: Starting follow batch of 12 users. 10.02.24 19:51:29
app.bot.auto_follow.py open_connect_page() INFO: Opened the connect page. 10.02.24 19:51:30
app.bot.x_controller.py auto_follow() INFO: "You are unable to follow more people" snackbar displayed on X. Stopping auto-follow process 10.02.24 19:51:34
app.bot.auto_follow.py follow_batch() INFO: Followed 3 users. Total followed in this time span: 12/134 10.02.24 19:51:36
app.bot.auto_follow.py follow_batch() INFO: Starting follow batch of 12 users. 10.02.24 20:02:08
app.bot.auto_follow.py open_connect_page() INFO: Opened the connect page. 10.02.24 20:02:10
app.bot.x_controller.py auto_follow() INFO: "You are unable to follow more people" snackbar displayed on X. Stopping auto-follow process 10.02.24 20:02:14
app.bot.auto_follow.py follow_batch() INFO: Followed 3 users. Total followed in this time span: 15/134 10.02.24 20:02:15
app.bot.auto_follow.py follow_batch() INFO: Starting follow batch of 12 users. 10.02.24 20:12:48
app.bot.auto_follow.py open_connect_page() INFO: Opened the connect page. 10.02.24 20:12:49
app.bot.x_controller.py auto_follow() INFO: "You are unable to follow more people" snackbar displayed on X. Stopping auto-follow process 10.02.24 20:12:53
app.bot.auto_follow.py follow_batch() INFO: Followed 3 users. Total followed in this time span: 18/134 10.02.24 20:12:54
app.bot.auto_follow.py follow_batch() INFO: Starting follow batch of 12 users. 10.02.24 20:23:27
app.bot.auto_follow.py open_connect_page() INFO: Opened the connect page. 10.02.24 20:23:28
app.bot.x_controller.py auto_follow() INFO: "You are unable to follow more people" snackbar displayed on X. Stopping auto-follow process 10.02.24 20:23:33
app.bot.auto_follow.py follow_batch() INFO: Followed 3 users. Total followed in this time span: 21/134 10.02.24 20:23:35
